{"D:\\Project\\Future Phase 2 Project\\front_end\\src\\App.vue": {"path":"D:\\Project\\Future Phase 2 Project\\front_end\\src\\App.vue","statementMap":{"0":{"start":{"line":169,"column":0},"end":{"line":169,"column":null}},"1":{"start":{"line":183,"column":0},"end":{"line":183,"column":null}},"2":{"start":{"line":188,"column":0},"end":{"line":188,"column":null}}},"fnMap":{"0":{"name":"(anonymous_1)","decl":{"start":{"line":182,"column":0},"end":{"line":182,"column":null}},"loc":{"start":{"line":182,"column":0},"end":{"line":186,"column":null}}},"1":{"name":"(anonymous_2)","decl":{"start":{"line":187,"column":0},"end":{"line":187,"column":null}},"loc":{"start":{"line":187,"column":0},"end":{"line":189,"column":null}}}},"branchMap":{},"s":{"0":1,"1":1,"2":1},"f":{"0":1,"1":1},"b":{}}
,"D:\\Project\\Future Phase 2 Project\\front_end\\src\\mock.js": {"path":"D:\\Project\\Future Phase 2 Project\\front_end\\src\\mock.js","statementMap":{"0":{"start":{"line":1,"column":16},"end":{"line":1,"column":34}},"1":{"start":{"line":2,"column":17},"end":{"line":4,"column":2}},"2":{"start":{"line":5,"column":19},"end":{"line":7,"column":1}},"3":{"start":{"line":8,"column":14},"end":{"line":189,"column":1}},"4":{"start":{"line":190,"column":17},"end":{"line":252,"column":2}},"5":{"start":{"line":254,"column":17},"end":{"line":256,"column":2}},"6":{"start":{"line":257,"column":14},"end":{"line":280,"column":2}},"7":{"start":{"line":281,"column":17},"end":{"line":294,"column":1}},"8":{"start":{"line":295,"column":15},"end":{"line":313,"column":1}},"9":{"start":{"line":314,"column":20},"end":{"line":330,"column":2}},"10":{"start":{"line":332,"column":27},"end":{"line":348,"column":2}},"11":{"start":{"line":349,"column":27},"end":{"line":357,"column":2}},"12":{"start":{"line":380,"column":13},"end":{"line":380,"column":24}},"13":{"start":{"line":381,"column":20},"end":{"line":381,"column":38}},"14":{"start":{"line":382,"column":20},"end":{"line":382,"column":38}},"15":{"start":{"line":384,"column":27},"end":{"line":402,"column":2}},"16":{"start":{"line":403,"column":21},"end":{"line":422,"column":1}},"17":{"start":{"line":423,"column":24},"end":{"line":432,"column":1}}},"fnMap":{},"branchMap":{},"s":{"0":24,"1":24,"2":24,"3":24,"4":24,"5":24,"6":24,"7":24,"8":24,"9":24,"10":24,"11":24,"12":24,"13":24,"14":24,"15":24,"16":24,"17":24},"f":{},"b":{},"_coverageSchema":"43e27e138ebf9cfc5966b082cf9a028302ed4184","hash":"c0da065731b7be031d4266b68f28a3104fdadb4e"}
,"D:\\Project\\Future Phase 2 Project\\front_end\\src\\assets\\img-placeholder.png": {"path":"D:\\Project\\Future Phase 2 Project\\front_end\\src\\assets\\img-placeholder.png","statementMap":{"0":{"start":{"line":1,"column":0},"end":{"line":1,"column":19}}},"fnMap":{},"branchMap":{},"s":{"0":1},"f":{},"b":{},"_coverageSchema":"43e27e138ebf9cfc5966b082cf9a028302ed4184","hash":"878041987b69202fb70939c108b073faad10ef9a"}
,"D:\\Project\\Future Phase 2 Project\\front_end\\src\\components\\Carousel.vue": {"path":"D:\\Project\\Future Phase 2 Project\\front_end\\src\\components\\Carousel.vue","statementMap":{"0":{"start":{"line":31,"column":0},"end":{"line":31,"column":null}},"1":{"start":{"line":33,"column":0},"end":{"line":33,"column":null}},"2":{"start":{"line":36,"column":0},"end":{"line":36,"column":null}},"3":{"start":{"line":39,"column":0},"end":{"line":39,"column":null}},"4":{"start":{"line":42,"column":0},"end":{"line":42,"column":null}},"5":{"start":{"line":44,"column":0},"end":{"line":44,"column":null}},"6":{"start":{"line":47,"column":0},"end":{"line":47,"column":null}},"7":{"start":{"line":50,"column":0},"end":{"line":50,"column":null}},"8":{"start":{"line":53,"column":0},"end":{"line":53,"column":null}},"9":{"start":{"line":55,"column":0},"end":{"line":55,"column":null}},"10":{"start":{"line":58,"column":0},"end":{"line":58,"column":null}},"11":{"start":{"line":61,"column":0},"end":{"line":61,"column":null}},"12":{"start":{"line":65,"column":0},"end":{"line":65,"column":null}}},"fnMap":{"0":{"name":"(anonymous_1)","decl":{"start":{"line":30,"column":0},"end":{"line":30,"column":null}},"loc":{"start":{"line":30,"column":0},"end":{"line":40,"column":null}}},"1":{"name":"(anonymous_2)","decl":{"start":{"line":41,"column":0},"end":{"line":41,"column":null}},"loc":{"start":{"line":41,"column":0},"end":{"line":51,"column":null}}},"2":{"name":"(anonymous_3)","decl":{"start":{"line":52,"column":0},"end":{"line":52,"column":null}},"loc":{"start":{"line":52,"column":0},"end":{"line":62,"column":null}}},"3":{"name":"(anonymous_4)","decl":{"start":{"line":64,"column":0},"end":{"line":64,"column":null}},"loc":{"start":{"line":64,"column":0},"end":{"line":93,"column":null}}}},"branchMap":{"0":{"loc":{"start":{"line":32,"column":0},"end":{"line":34,"column":null}},"type":"switch","locations":[{"start":{"line":32,"column":0},"end":{"line":34,"column":null}},{"start":{"line":35,"column":0},"end":{"line":37,"column":null}}]},"1":{"loc":{"start":{"line":43,"column":0},"end":{"line":45,"column":null}},"type":"switch","locations":[{"start":{"line":43,"column":0},"end":{"line":45,"column":null}},{"start":{"line":46,"column":0},"end":{"line":48,"column":null}}]},"2":{"loc":{"start":{"line":54,"column":0},"end":{"line":56,"column":null}},"type":"switch","locations":[{"start":{"line":54,"column":0},"end":{"line":56,"column":null}},{"start":{"line":57,"column":0},"end":{"line":59,"column":null}}]}},"s":{"0":2,"1":1,"2":1,"3":1,"4":2,"5":1,"6":1,"7":1,"8":2,"9":1,"10":1,"11":1,"12":2},"f":{"0":2,"1":2,"2":2,"3":2},"b":{"0":[1,1],"1":[1,1],"2":[1,1]}}
,"D:\\Project\\Future Phase 2 Project\\front_end\\src\\components\\Product.vue": {"path":"D:\\Project\\Future Phase 2 Project\\front_end\\src\\components\\Product.vue","statementMap":{"0":{"start":{"line":65,"column":0},"end":{"line":65,"column":null}}},"fnMap":{"0":{"name":"(anonymous_1)","decl":{"start":{"line":64,"column":0},"end":{"line":64,"column":null}},"loc":{"start":{"line":64,"column":0},"end":{"line":66,"column":null}}}},"branchMap":{},"s":{"0":321},"f":{"0":321},"b":{}}
,"D:\\Project\\Future Phase 2 Project\\front_end\\src\\components\\ProductCarousel.vue": {"path":"D:\\Project\\Future Phase 2 Project\\front_end\\src\\components\\ProductCarousel.vue","statementMap":{"0":{"start":{"line":58,"column":0},"end":{"line":58,"column":null}},"1":{"start":{"line":69,"column":0},"end":{"line":69,"column":null}}},"fnMap":{"0":{"name":"(anonymous_1)","decl":{"start":{"line":68,"column":0},"end":{"line":68,"column":null}},"loc":{"start":{"line":68,"column":0},"end":{"line":70,"column":null}}}},"branchMap":{},"s":{"0":2,"1":1},"f":{"0":1},"b":{}}
,"D:\\Project\\Future Phase 2 Project\\front_end\\src\\layouts\\DashboardAppBar.vue": {"path":"D:\\Project\\Future Phase 2 Project\\front_end\\src\\layouts\\DashboardAppBar.vue","statementMap":{"0":{"start":{"line":112,"column":0},"end":{"line":112,"column":null}},"1":{"start":{"line":116,"column":0},"end":{"line":116,"column":null}},"2":{"start":{"line":126,"column":0},"end":{"line":130,"column":null}},"3":{"start":{"line":128,"column":0},"end":{"line":128,"column":null}},"4":{"start":{"line":129,"column":0},"end":{"line":129,"column":null}},"5":{"start":{"line":135,"column":0},"end":{"line":135,"column":null}}},"fnMap":{"0":{"name":"(anonymous_1)","decl":{"start":{"line":115,"column":0},"end":{"line":115,"column":null}},"loc":{"start":{"line":115,"column":0},"end":{"line":120,"column":null}}},"1":{"name":"(anonymous_2)","decl":{"start":{"line":125,"column":0},"end":{"line":125,"column":null}},"loc":{"start":{"line":125,"column":0},"end":{"line":131,"column":null}}},"2":{"name":"(anonymous_3)","decl":{"start":{"line":126,"column":0},"end":{"line":126,"column":null}},"loc":{"start":{"line":126,"column":0},"end":{"line":130,"column":null}}},"3":{"name":"(anonymous_4)","decl":{"start":{"line":134,"column":0},"end":{"line":134,"column":null}},"loc":{"start":{"line":134,"column":0},"end":{"line":136,"column":null}}}},"branchMap":{},"s":{"0":1,"1":1,"2":1,"3":1,"4":1,"5":1},"f":{"0":1,"1":1,"2":1,"3":1},"b":{}}
,"D:\\Project\\Future Phase 2 Project\\front_end\\src\\layouts\\MainAppBar.vue": {"path":"D:\\Project\\Future Phase 2 Project\\front_end\\src\\layouts\\MainAppBar.vue","statementMap":{"0":{"start":{"line":130,"column":0},"end":{"line":130,"column":null}},"1":{"start":{"line":140,"column":0},"end":{"line":140,"column":null}},"2":{"start":{"line":147,"column":0},"end":{"line":147,"column":null}},"3":{"start":{"line":150,"column":0},"end":{"line":150,"column":null}},"4":{"start":{"line":153,"column":0},"end":{"line":153,"column":null}},"5":{"start":{"line":158,"column":0},"end":{"line":161,"column":null}},"6":{"start":{"line":159,"column":0},"end":{"line":159,"column":null}},"7":{"start":{"line":160,"column":0},"end":{"line":160,"column":null}},"8":{"start":{"line":164,"column":0},"end":{"line":166,"column":null}},"9":{"start":{"line":165,"column":0},"end":{"line":165,"column":null}}},"fnMap":{"0":{"name":"(anonymous_1)","decl":{"start":{"line":139,"column":0},"end":{"line":139,"column":null}},"loc":{"start":{"line":139,"column":0},"end":{"line":144,"column":null}}},"1":{"name":"(anonymous_2)","decl":{"start":{"line":146,"column":0},"end":{"line":146,"column":null}},"loc":{"start":{"line":146,"column":0},"end":{"line":148,"column":null}}},"2":{"name":"(anonymous_3)","decl":{"start":{"line":149,"column":0},"end":{"line":149,"column":null}},"loc":{"start":{"line":149,"column":0},"end":{"line":151,"column":null}}},"3":{"name":"(anonymous_4)","decl":{"start":{"line":152,"column":0},"end":{"line":152,"column":null}},"loc":{"start":{"line":152,"column":0},"end":{"line":154,"column":null}}},"4":{"name":"(anonymous_5)","decl":{"start":{"line":157,"column":0},"end":{"line":157,"column":null}},"loc":{"start":{"line":157,"column":0},"end":{"line":162,"column":null}}},"5":{"name":"(anonymous_6)","decl":{"start":{"line":158,"column":0},"end":{"line":158,"column":null}},"loc":{"start":{"line":158,"column":0},"end":{"line":161,"column":null}}},"6":{"name":"(anonymous_7)","decl":{"start":{"line":163,"column":0},"end":{"line":163,"column":null}},"loc":{"start":{"line":163,"column":0},"end":{"line":167,"column":null}}}},"branchMap":{"0":{"loc":{"start":{"line":164,"column":0},"end":{"line":166,"column":null}},"type":"if","locations":[{"start":{"line":164,"column":0},"end":{"line":166,"column":null}},{"start":{"line":164,"column":0},"end":{"line":166,"column":null}}]}},"s":{"0":1,"1":1,"2":0,"3":1,"4":0,"5":1,"6":1,"7":1,"8":0,"9":0},"f":{"0":1,"1":0,"2":1,"3":0,"4":1,"5":1,"6":0},"b":{"0":[0,0]}}
,"D:\\Project\\Future Phase 2 Project\\front_end\\src\\store\\index.js": {"path":"D:\\Project\\Future Phase 2 Project\\front_end\\src\\store\\index.js","statementMap":{"0":{"start":{"line":20,"column":0},"end":{"line":20,"column":14}}},"fnMap":{},"branchMap":{},"s":{"0":21},"f":{},"b":{},"_coverageSchema":"43e27e138ebf9cfc5966b082cf9a028302ed4184","hash":"3045bd7a2a089cd7e5e15b1990c105a8a1bc834f"}
,"D:\\Project\\Future Phase 2 Project\\front_end\\src\\store\\modules\\ar.js": {"path":"D:\\Project\\Future Phase 2 Project\\front_end\\src\\store\\modules\\ar.js","statementMap":{"0":{"start":{"line":4,"column":17},"end":{"line":4,"column":21}},"1":{"start":{"line":13,"column":6},"end":{"line":13,"column":28}},"2":{"start":{"line":16,"column":6},"end":{"line":16,"column":35}},"3":{"start":{"line":19,"column":6},"end":{"line":19,"column":46}},"4":{"start":{"line":20,"column":6},"end":{"line":20,"column":34}},"5":{"start":{"line":21,"column":6},"end":{"line":21,"column":38}},"6":{"start":{"line":24,"column":6},"end":{"line":24,"column":35}},"7":{"start":{"line":28,"column":20},"end":{"line":28,"column":31}},"8":{"start":{"line":32,"column":6},"end":{"line":36,"column":11}},"9":{"start":{"line":34,"column":10},"end":{"line":34,"column":44}},"10":{"start":{"line":35,"column":10},"end":{"line":35,"column":21}},"11":{"start":{"line":39,"column":6},"end":{"line":42,"column":9}},"12":{"start":{"line":40,"column":8},"end":{"line":40,"column":41}},"13":{"start":{"line":41,"column":8},"end":{"line":41,"column":19}},"14":{"start":{"line":45,"column":6},"end":{"line":48,"column":9}},"15":{"start":{"line":46,"column":8},"end":{"line":46,"column":59}},"16":{"start":{"line":47,"column":8},"end":{"line":47,"column":19}},"17":{"start":{"line":51,"column":6},"end":{"line":54,"column":9}},"18":{"start":{"line":52,"column":8},"end":{"line":52,"column":36}},"19":{"start":{"line":53,"column":8},"end":{"line":53,"column":19}},"20":{"start":{"line":59,"column":6},"end":{"line":59,"column":51}},"21":{"start":{"line":63,"column":6},"end":{"line":63,"column":59}}},"fnMap":{"0":{"name":"(anonymous_0)","decl":{"start":{"line":12,"column":4},"end":{"line":12,"column":5}},"loc":{"start":{"line":12,"column":29},"end":{"line":14,"column":5}},"line":12},"1":{"name":"(anonymous_1)","decl":{"start":{"line":15,"column":4},"end":{"line":15,"column":5}},"loc":{"start":{"line":15,"column":28},"end":{"line":17,"column":5}},"line":15},"2":{"name":"(anonymous_2)","decl":{"start":{"line":18,"column":4},"end":{"line":18,"column":5}},"loc":{"start":{"line":18,"column":37},"end":{"line":22,"column":5}},"line":18},"3":{"name":"(anonymous_3)","decl":{"start":{"line":23,"column":4},"end":{"line":23,"column":5}},"loc":{"start":{"line":23,"column":29},"end":{"line":25,"column":5}},"line":23},"4":{"name":"(anonymous_4)","decl":{"start":{"line":28,"column":11},"end":{"line":28,"column":12}},"loc":{"start":{"line":28,"column":20},"end":{"line":28,"column":31}},"line":28},"5":{"name":"(anonymous_5)","decl":{"start":{"line":31,"column":4},"end":{"line":31,"column":5}},"loc":{"start":{"line":31,"column":25},"end":{"line":37,"column":5}},"line":31},"6":{"name":"(anonymous_6)","decl":{"start":{"line":33,"column":14},"end":{"line":33,"column":15}},"loc":{"start":{"line":33,"column":23},"end":{"line":36,"column":9}},"line":33},"7":{"name":"(anonymous_7)","decl":{"start":{"line":38,"column":4},"end":{"line":38,"column":5}},"loc":{"start":{"line":38,"column":30},"end":{"line":43,"column":5}},"line":38},"8":{"name":"(anonymous_8)","decl":{"start":{"line":39,"column":56},"end":{"line":39,"column":57}},"loc":{"start":{"line":39,"column":65},"end":{"line":42,"column":7}},"line":39},"9":{"name":"(anonymous_9)","decl":{"start":{"line":44,"column":4},"end":{"line":44,"column":5}},"loc":{"start":{"line":44,"column":42},"end":{"line":49,"column":5}},"line":44},"10":{"name":"(anonymous_10)","decl":{"start":{"line":45,"column":55},"end":{"line":45,"column":56}},"loc":{"start":{"line":45,"column":64},"end":{"line":48,"column":7}},"line":45},"11":{"name":"(anonymous_11)","decl":{"start":{"line":50,"column":4},"end":{"line":50,"column":5}},"loc":{"start":{"line":50,"column":44},"end":{"line":55,"column":5}},"line":50},"12":{"name":"(anonymous_12)","decl":{"start":{"line":51,"column":63},"end":{"line":51,"column":64}},"loc":{"start":{"line":51,"column":72},"end":{"line":54,"column":7}},"line":51},"13":{"name":"(anonymous_13)","decl":{"start":{"line":58,"column":4},"end":{"line":58,"column":5}},"loc":{"start":{"line":58,"column":29},"end":{"line":60,"column":5}},"line":58},"14":{"name":"(anonymous_14)","decl":{"start":{"line":62,"column":4},"end":{"line":62,"column":5}},"loc":{"start":{"line":62,"column":42},"end":{"line":64,"column":5}},"line":62}},"branchMap":{},"s":{"0":21,"1":7,"2":1,"3":1,"4":1,"5":1,"6":1,"7":10,"8":7,"9":7,"10":7,"11":1,"12":1,"13":1,"14":1,"15":1,"16":1,"17":1,"18":1,"19":1,"20":0,"21":0},"f":{"0":7,"1":1,"2":1,"3":1,"4":10,"5":7,"6":7,"7":1,"8":1,"9":1,"10":1,"11":1,"12":1,"13":0,"14":0},"b":{},"_coverageSchema":"43e27e138ebf9cfc5966b082cf9a028302ed4184","hash":"b8786d14f43c3703b3a6f194832eba586ea27a82"}
,"D:\\Project\\Future Phase 2 Project\\front_end\\src\\store\\modules\\auth.js": {"path":"D:\\Project\\Future Phase 2 Project\\front_end\\src\\store\\modules\\auth.js","statementMap":{"0":{"start":{"line":14,"column":6},"end":{"line":14,"column":31}},"1":{"start":{"line":17,"column":6},"end":{"line":17,"column":31}},"2":{"start":{"line":18,"column":6},"end":{"line":18,"column":37}},"3":{"start":{"line":19,"column":24},"end":{"line":19,"column":89}},"4":{"start":{"line":20,"column":18},"end":{"line":20,"column":37}},"5":{"start":{"line":21,"column":6},"end":{"line":21,"column":32}},"6":{"start":{"line":22,"column":6},"end":{"line":22,"column":23}},"7":{"start":{"line":25,"column":6},"end":{"line":25,"column":89}},"8":{"start":{"line":28,"column":6},"end":{"line":28,"column":31}},"9":{"start":{"line":29,"column":6},"end":{"line":29,"column":27}},"10":{"start":{"line":30,"column":24},"end":{"line":30,"column":84}},"11":{"start":{"line":31,"column":18},"end":{"line":31,"column":32}},"12":{"start":{"line":32,"column":6},"end":{"line":32,"column":32}},"13":{"start":{"line":33,"column":6},"end":{"line":33,"column":37}},"14":{"start":{"line":36,"column":6},"end":{"line":36,"column":29}},"15":{"start":{"line":39,"column":6},"end":{"line":39,"column":24}},"16":{"start":{"line":40,"column":6},"end":{"line":40,"column":23}},"17":{"start":{"line":43,"column":6},"end":{"line":43,"column":27}},"18":{"start":{"line":46,"column":6},"end":{"line":46,"column":28}},"19":{"start":{"line":51,"column":6},"end":{"line":79,"column":9}},"20":{"start":{"line":52,"column":8},"end":{"line":52,"column":31}},"21":{"start":{"line":53,"column":8},"end":{"line":78,"column":13}},"22":{"start":{"line":56,"column":12},"end":{"line":72,"column":13}},"23":{"start":{"line":57,"column":49},"end":{"line":57,"column":63}},"24":{"start":{"line":59,"column":14},"end":{"line":59,"column":54}},"25":{"start":{"line":60,"column":14},"end":{"line":60,"column":81}},"26":{"start":{"line":62,"column":14},"end":{"line":67,"column":17}},"27":{"start":{"line":63,"column":32},"end":{"line":63,"column":45}},"28":{"start":{"line":64,"column":16},"end":{"line":64,"column":53}},"29":{"start":{"line":65,"column":16},"end":{"line":65,"column":73}},"30":{"start":{"line":66,"column":16},"end":{"line":66,"column":30}},"31":{"start":{"line":69,"column":14},"end":{"line":69,"column":35}},"32":{"start":{"line":70,"column":14},"end":{"line":70,"column":47}},"33":{"start":{"line":71,"column":14},"end":{"line":71,"column":28}},"34":{"start":{"line":75,"column":12},"end":{"line":75,"column":33}},"35":{"start":{"line":76,"column":12},"end":{"line":76,"column":45}},"36":{"start":{"line":77,"column":12},"end":{"line":77,"column":24}},"37":{"start":{"line":83,"column":6},"end":{"line":93,"column":9}},"38":{"start":{"line":84,"column":8},"end":{"line":84,"column":25}},"39":{"start":{"line":85,"column":8},"end":{"line":85,"column":41}},"40":{"start":{"line":86,"column":8},"end":{"line":86,"column":59}},"41":{"start":{"line":87,"column":8},"end":{"line":87,"column":19}},"42":{"start":{"line":89,"column":8},"end":{"line":89,"column":25}},"43":{"start":{"line":90,"column":8},"end":{"line":90,"column":41}},"44":{"start":{"line":91,"column":8},"end":{"line":91,"column":59}},"45":{"start":{"line":92,"column":8},"end":{"line":92,"column":19}},"46":{"start":{"line":96,"column":6},"end":{"line":108,"column":9}},"47":{"start":{"line":97,"column":8},"end":{"line":107,"column":13}},"48":{"start":{"line":99,"column":12},"end":{"line":99,"column":26}},"49":{"start":{"line":102,"column":12},"end":{"line":102,"column":38}},"50":{"start":{"line":103,"column":12},"end":{"line":103,"column":45}},"51":{"start":{"line":104,"column":12},"end":{"line":104,"column":24}},"52":{"start":{"line":112,"column":6},"end":{"line":112,"column":46}},"53":{"start":{"line":115,"column":6},"end":{"line":140,"column":7}},"54":{"start":{"line":116,"column":8},"end":{"line":116,"column":31}},"55":{"start":{"line":117,"column":8},"end":{"line":139,"column":13}},"56":{"start":{"line":120,"column":12},"end":{"line":133,"column":13}},"57":{"start":{"line":121,"column":49},"end":{"line":121,"column":63}},"58":{"start":{"line":123,"column":14},"end":{"line":123,"column":54}},"59":{"start":{"line":124,"column":14},"end":{"line":124,"column":81}},"60":{"start":{"line":126,"column":14},"end":{"line":130,"column":17}},"61":{"start":{"line":127,"column":32},"end":{"line":127,"column":45}},"62":{"start":{"line":128,"column":16},"end":{"line":128,"column":53}},"63":{"start":{"line":129,"column":16},"end":{"line":129,"column":73}},"64":{"start":{"line":132,"column":14},"end":{"line":132,"column":82}},"65":{"start":{"line":134,"column":12},"end":{"line":134,"column":24}},"66":{"start":{"line":137,"column":12},"end":{"line":137,"column":45}},"67":{"start":{"line":138,"column":12},"end":{"line":138,"column":23}},"68":{"start":{"line":141,"column":6},"end":{"line":141,"column":18}},"69":{"start":{"line":145,"column":23},"end":{"line":145,"column":37}},"70":{"start":{"line":146,"column":6},"end":{"line":146,"column":36}},"71":{"start":{"line":148,"column":6},"end":{"line":151,"column":9}},"72":{"start":{"line":149,"column":8},"end":{"line":149,"column":32}},"73":{"start":{"line":150,"column":8},"end":{"line":150,"column":19}},"74":{"start":{"line":154,"column":6},"end":{"line":155,"column":36}},"75":{"start":{"line":158,"column":6},"end":{"line":162,"column":11}},"76":{"start":{"line":160,"column":10},"end":{"line":160,"column":44}},"77":{"start":{"line":161,"column":10},"end":{"line":161,"column":21}},"78":{"start":{"line":166,"column":25},"end":{"line":166,"column":38}},"79":{"start":{"line":167,"column":25},"end":{"line":167,"column":37}},"80":{"start":{"line":168,"column":19},"end":{"line":168,"column":29}},"81":{"start":{"line":169,"column":27},"end":{"line":199,"column":5}},"82":{"start":{"line":170,"column":6},"end":{"line":197,"column":7}},"83":{"start":{"line":171,"column":25},"end":{"line":171,"column":30}},"84":{"start":{"line":172,"column":8},"end":{"line":196,"column":9}},"85":{"start":{"line":173,"column":27},"end":{"line":173,"column":36}},"86":{"start":{"line":174,"column":10},"end":{"line":193,"column":11}},"87":{"start":{"line":174,"column":23},"end":{"line":174,"column":24}},"88":{"start":{"line":175,"column":28},"end":{"line":175,"column":41}},"89":{"start":{"line":176,"column":12},"end":{"line":176,"column":33}},"90":{"start":{"line":177,"column":12},"end":{"line":192,"column":13}},"91":{"start":{"line":179,"column":16},"end":{"line":179,"column":55}},"92":{"start":{"line":179,"column":41},"end":{"line":179,"column":53}},"93":{"start":{"line":180,"column":16},"end":{"line":180,"column":22}},"94":{"start":{"line":182,"column":16},"end":{"line":182,"column":54}},"95":{"start":{"line":182,"column":40},"end":{"line":182,"column":52}},"96":{"start":{"line":183,"column":16},"end":{"line":183,"column":22}},"97":{"start":{"line":185,"column":16},"end":{"line":185,"column":52}},"98":{"start":{"line":185,"column":38},"end":{"line":185,"column":50}},"99":{"start":{"line":186,"column":16},"end":{"line":186,"column":22}},"100":{"start":{"line":188,"column":16},"end":{"line":188,"column":62}},"101":{"start":{"line":188,"column":48},"end":{"line":188,"column":60}},"102":{"start":{"line":189,"column":16},"end":{"line":189,"column":22}},"103":{"start":{"line":191,"column":16},"end":{"line":191,"column":29}},"104":{"start":{"line":195,"column":10},"end":{"line":195,"column":23}},"105":{"start":{"line":198,"column":6},"end":{"line":198,"column":19}},"106":{"start":{"line":200,"column":24},"end":{"line":200,"column":37}}},"fnMap":{"0":{"name":"(anonymous_0)","decl":{"start":{"line":13,"column":4},"end":{"line":13,"column":5}},"loc":{"start":{"line":13,"column":24},"end":{"line":15,"column":5}},"line":13},"1":{"name":"(anonymous_1)","decl":{"start":{"line":16,"column":4},"end":{"line":16,"column":5}},"loc":{"start":{"line":16,"column":33},"end":{"line":23,"column":5}},"line":16},"2":{"name":"(anonymous_2)","decl":{"start":{"line":24,"column":4},"end":{"line":24,"column":5}},"loc":{"start":{"line":24,"column":25},"end":{"line":26,"column":5}},"line":24},"3":{"name":"(anonymous_3)","decl":{"start":{"line":27,"column":4},"end":{"line":27,"column":5}},"loc":{"start":{"line":27,"column":29},"end":{"line":34,"column":5}},"line":27},"4":{"name":"(anonymous_4)","decl":{"start":{"line":35,"column":4},"end":{"line":35,"column":5}},"loc":{"start":{"line":35,"column":22},"end":{"line":37,"column":5}},"line":35},"5":{"name":"(anonymous_5)","decl":{"start":{"line":38,"column":4},"end":{"line":38,"column":5}},"loc":{"start":{"line":38,"column":18},"end":{"line":41,"column":5}},"line":38},"6":{"name":"(anonymous_6)","decl":{"start":{"line":42,"column":4},"end":{"line":42,"column":5}},"loc":{"start":{"line":42,"column":23},"end":{"line":44,"column":5}},"line":42},"7":{"name":"(anonymous_7)","decl":{"start":{"line":45,"column":4},"end":{"line":45,"column":5}},"loc":{"start":{"line":45,"column":25},"end":{"line":47,"column":5}},"line":45},"8":{"name":"(anonymous_8)","decl":{"start":{"line":50,"column":4},"end":{"line":50,"column":5}},"loc":{"start":{"line":50,"column":28},"end":{"line":80,"column":5}},"line":50},"9":{"name":"(anonymous_9)","decl":{"start":{"line":51,"column":25},"end":{"line":51,"column":26}},"loc":{"start":{"line":51,"column":46},"end":{"line":79,"column":7}},"line":51},"10":{"name":"(anonymous_10)","decl":{"start":{"line":55,"column":16},"end":{"line":55,"column":17}},"loc":{"start":{"line":55,"column":26},"end":{"line":73,"column":11}},"line":55},"11":{"name":"(anonymous_11)","decl":{"start":{"line":62,"column":50},"end":{"line":62,"column":51}},"loc":{"start":{"line":62,"column":59},"end":{"line":67,"column":15}},"line":62},"12":{"name":"(anonymous_12)","decl":{"start":{"line":74,"column":17},"end":{"line":74,"column":18}},"loc":{"start":{"line":74,"column":26},"end":{"line":78,"column":11}},"line":74},"13":{"name":"(anonymous_13)","decl":{"start":{"line":81,"column":4},"end":{"line":81,"column":5}},"loc":{"start":{"line":81,"column":23},"end":{"line":94,"column":5}},"line":81},"14":{"name":"(anonymous_14)","decl":{"start":{"line":83,"column":39},"end":{"line":83,"column":40}},"loc":{"start":{"line":83,"column":48},"end":{"line":88,"column":7}},"line":83},"15":{"name":"(anonymous_15)","decl":{"start":{"line":88,"column":15},"end":{"line":88,"column":16}},"loc":{"start":{"line":88,"column":24},"end":{"line":93,"column":7}},"line":88},"16":{"name":"(anonymous_16)","decl":{"start":{"line":95,"column":4},"end":{"line":95,"column":5}},"loc":{"start":{"line":95,"column":31},"end":{"line":109,"column":5}},"line":95},"17":{"name":"(anonymous_17)","decl":{"start":{"line":96,"column":25},"end":{"line":96,"column":26}},"loc":{"start":{"line":96,"column":46},"end":{"line":108,"column":7}},"line":96},"18":{"name":"(anonymous_18)","decl":{"start":{"line":98,"column":16},"end":{"line":98,"column":17}},"loc":{"start":{"line":98,"column":26},"end":{"line":100,"column":11}},"line":98},"19":{"name":"(anonymous_19)","decl":{"start":{"line":101,"column":17},"end":{"line":101,"column":18}},"loc":{"start":{"line":101,"column":26},"end":{"line":105,"column":11}},"line":101},"20":{"name":"(anonymous_20)","decl":{"start":{"line":106,"column":19},"end":{"line":106,"column":20}},"loc":{"start":{"line":106,"column":25},"end":{"line":107,"column":11}},"line":106},"21":{"name":"(anonymous_21)","decl":{"start":{"line":111,"column":4},"end":{"line":111,"column":5}},"loc":{"start":{"line":111,"column":30},"end":{"line":113,"column":5}},"line":111},"22":{"name":"(anonymous_22)","decl":{"start":{"line":114,"column":4},"end":{"line":114,"column":5}},"loc":{"start":{"line":114,"column":31},"end":{"line":142,"column":5}},"line":114},"23":{"name":"(anonymous_23)","decl":{"start":{"line":119,"column":16},"end":{"line":119,"column":17}},"loc":{"start":{"line":119,"column":26},"end":{"line":135,"column":11}},"line":119},"24":{"name":"(anonymous_24)","decl":{"start":{"line":126,"column":50},"end":{"line":126,"column":51}},"loc":{"start":{"line":126,"column":59},"end":{"line":130,"column":15}},"line":126},"25":{"name":"(anonymous_25)","decl":{"start":{"line":136,"column":17},"end":{"line":136,"column":18}},"loc":{"start":{"line":136,"column":26},"end":{"line":139,"column":11}},"line":136},"26":{"name":"(anonymous_26)","decl":{"start":{"line":144,"column":4},"end":{"line":144,"column":5}},"loc":{"start":{"line":144,"column":35},"end":{"line":152,"column":5}},"line":144},"27":{"name":"(anonymous_27)","decl":{"start":{"line":148,"column":55},"end":{"line":148,"column":56}},"loc":{"start":{"line":148,"column":64},"end":{"line":151,"column":7}},"line":148},"28":{"name":"(anonymous_28)","decl":{"start":{"line":153,"column":4},"end":{"line":153,"column":5}},"loc":{"start":{"line":153,"column":16},"end":{"line":156,"column":5}},"line":153},"29":{"name":"(anonymous_29)","decl":{"start":{"line":157,"column":4},"end":{"line":157,"column":5}},"loc":{"start":{"line":157,"column":31},"end":{"line":163,"column":5}},"line":157},"30":{"name":"(anonymous_30)","decl":{"start":{"line":159,"column":14},"end":{"line":159,"column":15}},"loc":{"start":{"line":159,"column":23},"end":{"line":162,"column":9}},"line":159},"31":{"name":"(anonymous_31)","decl":{"start":{"line":166,"column":16},"end":{"line":166,"column":17}},"loc":{"start":{"line":166,"column":25},"end":{"line":166,"column":38}},"line":166},"32":{"name":"(anonymous_32)","decl":{"start":{"line":167,"column":16},"end":{"line":167,"column":17}},"loc":{"start":{"line":167,"column":25},"end":{"line":167,"column":37}},"line":167},"33":{"name":"(anonymous_33)","decl":{"start":{"line":168,"column":10},"end":{"line":168,"column":11}},"loc":{"start":{"line":168,"column":19},"end":{"line":168,"column":29}},"line":168},"34":{"name":"(anonymous_34)","decl":{"start":{"line":169,"column":18},"end":{"line":169,"column":19}},"loc":{"start":{"line":169,"column":27},"end":{"line":199,"column":5}},"line":169},"35":{"name":"(anonymous_35)","decl":{"start":{"line":169,"column":27},"end":{"line":169,"column":28}},"loc":{"start":{"line":169,"column":43},"end":{"line":199,"column":5}},"line":169},"36":{"name":"(anonymous_36)","decl":{"start":{"line":200,"column":15},"end":{"line":200,"column":16}},"loc":{"start":{"line":200,"column":24},"end":{"line":200,"column":37}},"line":200}},"branchMap":{"0":{"loc":{"start":{"line":8,"column":11},"end":{"line":8,"column":46}},"type":"binary-expr","locations":[{"start":{"line":8,"column":11},"end":{"line":8,"column":40}},{"start":{"line":8,"column":44},"end":{"line":8,"column":46}}],"line":8},"1":{"loc":{"start":{"line":56,"column":12},"end":{"line":72,"column":13}},"type":"if","locations":[{"start":{"line":56,"column":12},"end":{"line":72,"column":13}},{"start":{"line":56,"column":12},"end":{"line":72,"column":13}}],"line":56},"2":{"loc":{"start":{"line":115,"column":6},"end":{"line":140,"column":7}},"type":"if","locations":[{"start":{"line":115,"column":6},"end":{"line":140,"column":7}},{"start":{"line":115,"column":6},"end":{"line":140,"column":7}}],"line":115},"3":{"loc":{"start":{"line":120,"column":12},"end":{"line":133,"column":13}},"type":"if","locations":[{"start":{"line":120,"column":12},"end":{"line":133,"column":13}},{"start":{"line":120,"column":12},"end":{"line":133,"column":13}}],"line":120},"4":{"loc":{"start":{"line":170,"column":6},"end":{"line":197,"column":7}},"type":"if","locations":[{"start":{"line":170,"column":6},"end":{"line":197,"column":7}},{"start":{"line":170,"column":6},"end":{"line":197,"column":7}}],"line":170},"5":{"loc":{"start":{"line":172,"column":8},"end":{"line":196,"column":9}},"type":"if","locations":[{"start":{"line":172,"column":8},"end":{"line":196,"column":9}},{"start":{"line":172,"column":8},"end":{"line":196,"column":9}}],"line":172},"6":{"loc":{"start":{"line":172,"column":12},"end":{"line":172,"column":46}},"type":"binary-expr","locations":[{"start":{"line":172,"column":12},"end":{"line":172,"column":38}},{"start":{"line":172,"column":42},"end":{"line":172,"column":46}}],"line":172},"7":{"loc":{"start":{"line":177,"column":12},"end":{"line":192,"column":13}},"type":"switch","locations":[{"start":{"line":178,"column":14},"end":{"line":180,"column":22}},{"start":{"line":181,"column":14},"end":{"line":183,"column":22}},{"start":{"line":184,"column":14},"end":{"line":186,"column":22}},{"start":{"line":187,"column":14},"end":{"line":189,"column":22}},{"start":{"line":190,"column":14},"end":{"line":191,"column":29}}],"line":177},"8":{"loc":{"start":{"line":179,"column":16},"end":{"line":179,"column":55}},"type":"if","locations":[{"start":{"line":179,"column":16},"end":{"line":179,"column":55}},{"start":{"line":179,"column":16},"end":{"line":179,"column":55}}],"line":179},"9":{"loc":{"start":{"line":182,"column":16},"end":{"line":182,"column":54}},"type":"if","locations":[{"start":{"line":182,"column":16},"end":{"line":182,"column":54}},{"start":{"line":182,"column":16},"end":{"line":182,"column":54}}],"line":182},"10":{"loc":{"start":{"line":185,"column":16},"end":{"line":185,"column":52}},"type":"if","locations":[{"start":{"line":185,"column":16},"end":{"line":185,"column":52}},{"start":{"line":185,"column":16},"end":{"line":185,"column":52}}],"line":185},"11":{"loc":{"start":{"line":188,"column":16},"end":{"line":188,"column":62}},"type":"if","locations":[{"start":{"line":188,"column":16},"end":{"line":188,"column":62}},{"start":{"line":188,"column":16},"end":{"line":188,"column":62}}],"line":188}},"s":{"0":0,"1":0,"2":0,"3":0,"4":0,"5":0,"6":0,"7":0,"8":0,"9":0,"10":0,"11":0,"12":0,"13":0,"14":0,"15":3,"16":3,"17":0,"18":0,"19":0,"20":0,"21":0,"22":0,"23":0,"24":0,"25":0,"26":0,"27":0,"28":0,"29":0,"30":0,"31":0,"32":0,"33":0,"34":0,"35":0,"36":0,"37":3,"38":3,"39":3,"40":3,"41":3,"42":0,"43":0,"44":0,"45":0,"46":1,"47":1,"48":1,"49":0,"50":0,"51":0,"52":0,"53":1,"54":0,"55":0,"56":0,"57":0,"58":0,"59":0,"60":0,"61":0,"62":0,"63":0,"64":0,"65":0,"66":0,"67":0,"68":1,"69":0,"70":0,"71":0,"72":0,"73":0,"74":0,"75":0,"76":0,"77":0,"78":1,"79":0,"80":2,"81":0,"82":0,"83":0,"84":0,"85":0,"86":0,"87":0,"88":0,"89":0,"90":0,"91":0,"92":0,"93":0,"94":0,"95":0,"96":0,"97":0,"98":0,"99":0,"100":0,"101":0,"102":0,"103":0,"104":0,"105":0,"106":0},"f":{"0":0,"1":0,"2":0,"3":0,"4":0,"5":3,"6":0,"7":0,"8":0,"9":0,"10":0,"11":0,"12":0,"13":3,"14":3,"15":0,"16":1,"17":1,"18":1,"19":0,"20":1,"21":0,"22":1,"23":0,"24":0,"25":0,"26":0,"27":0,"28":0,"29":0,"30":0,"31":1,"32":0,"33":2,"34":0,"35":0,"36":0},"b":{"0":[21,21],"1":[0,0],"2":[0,1],"3":[0,0],"4":[0,0],"5":[0,0],"6":[0,0],"7":[0,0,0,0,0],"8":[0,0],"9":[0,0],"10":[0,0],"11":[0,0]},"_coverageSchema":"43e27e138ebf9cfc5966b082cf9a028302ed4184","hash":"7d4b1fad5d5b80e071a1ae55f33d14e02b11ab5d"}
,"D:\\Project\\Future Phase 2 Project\\front_end\\src\\store\\modules\\cart.js": {"path":"D:\\Project\\Future Phase 2 Project\\front_end\\src\\store\\modules\\cart.js","statementMap":{"0":{"start":{"line":5,"column":17},"end":{"line":5,"column":24}},"1":{"start":{"line":14,"column":6},"end":{"line":14,"column":27}},"2":{"start":{"line":17,"column":6},"end":{"line":17,"column":34}},"3":{"start":{"line":21,"column":19},"end":{"line":21,"column":29}},"4":{"start":{"line":25,"column":6},"end":{"line":28,"column":11}},"5":{"start":{"line":27,"column":10},"end":{"line":27,"column":43}},"6":{"start":{"line":31,"column":6},"end":{"line":35,"column":11}},"7":{"start":{"line":33,"column":10},"end":{"line":33,"column":38}},"8":{"start":{"line":34,"column":10},"end":{"line":34,"column":21}},"9":{"start":{"line":38,"column":6},"end":{"line":41,"column":11}},"10":{"start":{"line":40,"column":10},"end":{"line":40,"column":32}},"11":{"start":{"line":44,"column":6},"end":{"line":44,"column":65}},"12":{"start":{"line":51,"column":6},"end":{"line":51,"column":43}},"13":{"start":{"line":54,"column":6},"end":{"line":57,"column":11}},"14":{"start":{"line":56,"column":10},"end":{"line":56,"column":43}}},"fnMap":{"0":{"name":"(anonymous_0)","decl":{"start":{"line":13,"column":4},"end":{"line":13,"column":5}},"loc":{"start":{"line":13,"column":28},"end":{"line":15,"column":5}},"line":13},"1":{"name":"(anonymous_1)","decl":{"start":{"line":16,"column":4},"end":{"line":16,"column":5}},"loc":{"start":{"line":16,"column":29},"end":{"line":18,"column":5}},"line":16},"2":{"name":"(anonymous_2)","decl":{"start":{"line":21,"column":10},"end":{"line":21,"column":11}},"loc":{"start":{"line":21,"column":19},"end":{"line":21,"column":29}},"line":21},"3":{"name":"(anonymous_3)","decl":{"start":{"line":24,"column":4},"end":{"line":24,"column":5}},"loc":{"start":{"line":24,"column":24},"end":{"line":29,"column":5}},"line":24},"4":{"name":"(anonymous_4)","decl":{"start":{"line":26,"column":14},"end":{"line":26,"column":15}},"loc":{"start":{"line":26,"column":23},"end":{"line":28,"column":9}},"line":26},"5":{"name":"(anonymous_5)","decl":{"start":{"line":30,"column":4},"end":{"line":30,"column":5}},"loc":{"start":{"line":30,"column":42},"end":{"line":36,"column":5}},"line":30},"6":{"name":"(anonymous_6)","decl":{"start":{"line":32,"column":14},"end":{"line":32,"column":15}},"loc":{"start":{"line":32,"column":23},"end":{"line":35,"column":9}},"line":32},"7":{"name":"(anonymous_7)","decl":{"start":{"line":37,"column":4},"end":{"line":37,"column":5}},"loc":{"start":{"line":37,"column":35},"end":{"line":42,"column":5}},"line":37},"8":{"name":"(anonymous_8)","decl":{"start":{"line":39,"column":14},"end":{"line":39,"column":15}},"loc":{"start":{"line":39,"column":23},"end":{"line":41,"column":9}},"line":39},"9":{"name":"(anonymous_9)","decl":{"start":{"line":43,"column":4},"end":{"line":43,"column":5}},"loc":{"start":{"line":43,"column":35},"end":{"line":48,"column":5}},"line":43},"10":{"name":"(anonymous_10)","decl":{"start":{"line":50,"column":4},"end":{"line":50,"column":5}},"loc":{"start":{"line":50,"column":42},"end":{"line":52,"column":5}},"line":50},"11":{"name":"(anonymous_11)","decl":{"start":{"line":53,"column":4},"end":{"line":53,"column":5}},"loc":{"start":{"line":53,"column":46},"end":{"line":58,"column":5}},"line":53},"12":{"name":"(anonymous_12)","decl":{"start":{"line":55,"column":14},"end":{"line":55,"column":15}},"loc":{"start":{"line":55,"column":23},"end":{"line":57,"column":9}},"line":55}},"branchMap":{},"s":{"0":21,"1":11,"2":1,"3":8,"4":5,"5":5,"6":1,"7":1,"8":1,"9":1,"10":1,"11":1,"12":0,"13":5,"14":5},"f":{"0":11,"1":1,"2":8,"3":5,"4":5,"5":1,"6":1,"7":1,"8":1,"9":1,"10":0,"11":5,"12":5},"b":{},"_coverageSchema":"43e27e138ebf9cfc5966b082cf9a028302ed4184","hash":"8412cfce0e8954dc08612b5d1fc91b15ef302174"}
,"D:\\Project\\Future Phase 2 Project\\front_end\\src\\store\\modules\\categories.js": {"path":"D:\\Project\\Future Phase 2 Project\\front_end\\src\\store\\modules\\categories.js","statementMap":{"0":{"start":{"line":4,"column":17},"end":{"line":4,"column":29}},"1":{"start":{"line":13,"column":6},"end":{"line":13,"column":33}},"2":{"start":{"line":16,"column":6},"end":{"line":16,"column":40}},"3":{"start":{"line":19,"column":6},"end":{"line":19,"column":51}},"4":{"start":{"line":22,"column":6},"end":{"line":22,"column":40}},"5":{"start":{"line":26,"column":25},"end":{"line":26,"column":41}},"6":{"start":{"line":30,"column":6},"end":{"line":33,"column":11}},"7":{"start":{"line":32,"column":10},"end":{"line":32,"column":49}},"8":{"start":{"line":36,"column":6},"end":{"line":39,"column":11}},"9":{"start":{"line":38,"column":10},"end":{"line":38,"column":42}},"10":{"start":{"line":42,"column":6},"end":{"line":45,"column":11}},"11":{"start":{"line":44,"column":10},"end":{"line":44,"column":47}},"12":{"start":{"line":48,"column":6},"end":{"line":51,"column":11}},"13":{"start":{"line":50,"column":10},"end":{"line":50,"column":65}}},"fnMap":{"0":{"name":"(anonymous_0)","decl":{"start":{"line":12,"column":4},"end":{"line":12,"column":5}},"loc":{"start":{"line":12,"column":34},"end":{"line":14,"column":5}},"line":12},"1":{"name":"(anonymous_1)","decl":{"start":{"line":15,"column":4},"end":{"line":15,"column":5}},"loc":{"start":{"line":15,"column":32},"end":{"line":17,"column":5}},"line":15},"2":{"name":"(anonymous_2)","decl":{"start":{"line":18,"column":4},"end":{"line":18,"column":5}},"loc":{"start":{"line":18,"column":41},"end":{"line":20,"column":5}},"line":18},"3":{"name":"(anonymous_3)","decl":{"start":{"line":21,"column":4},"end":{"line":21,"column":5}},"loc":{"start":{"line":21,"column":33},"end":{"line":23,"column":5}},"line":21},"4":{"name":"(anonymous_4)","decl":{"start":{"line":26,"column":16},"end":{"line":26,"column":17}},"loc":{"start":{"line":26,"column":25},"end":{"line":26,"column":41}},"line":26},"5":{"name":"(anonymous_5)","decl":{"start":{"line":29,"column":4},"end":{"line":29,"column":5}},"loc":{"start":{"line":29,"column":30},"end":{"line":34,"column":5}},"line":29},"6":{"name":"(anonymous_6)","decl":{"start":{"line":31,"column":14},"end":{"line":31,"column":15}},"loc":{"start":{"line":31,"column":23},"end":{"line":33,"column":9}},"line":31},"7":{"name":"(anonymous_7)","decl":{"start":{"line":35,"column":4},"end":{"line":35,"column":5}},"loc":{"start":{"line":35,"column":48},"end":{"line":40,"column":5}},"line":35},"8":{"name":"(anonymous_8)","decl":{"start":{"line":37,"column":14},"end":{"line":37,"column":15}},"loc":{"start":{"line":37,"column":20},"end":{"line":39,"column":9}},"line":37},"9":{"name":"(anonymous_9)","decl":{"start":{"line":41,"column":4},"end":{"line":41,"column":5}},"loc":{"start":{"line":41,"column":33},"end":{"line":46,"column":5}},"line":41},"10":{"name":"(anonymous_10)","decl":{"start":{"line":43,"column":14},"end":{"line":43,"column":15}},"loc":{"start":{"line":43,"column":23},"end":{"line":45,"column":9}},"line":43},"11":{"name":"(anonymous_11)","decl":{"start":{"line":47,"column":4},"end":{"line":47,"column":5}},"loc":{"start":{"line":47,"column":46},"end":{"line":52,"column":5}},"line":47},"12":{"name":"(anonymous_12)","decl":{"start":{"line":49,"column":14},"end":{"line":49,"column":15}},"loc":{"start":{"line":49,"column":23},"end":{"line":51,"column":9}},"line":49}},"branchMap":{},"s":{"0":21,"1":10,"2":1,"3":1,"4":0,"5":9,"6":10,"7":10,"8":0,"9":0,"10":1,"11":1,"12":1,"13":1},"f":{"0":10,"1":1,"2":1,"3":0,"4":9,"5":10,"6":10,"7":0,"8":0,"9":1,"10":1,"11":1,"12":1},"b":{},"_coverageSchema":"43e27e138ebf9cfc5966b082cf9a028302ed4184","hash":"754bd60b34ab7f69704436ca8763b5f518c9cef1"}
,"D:\\Project\\Future Phase 2 Project\\front_end\\src\\store\\modules\\layout.js": {"path":"D:\\Project\\Future Phase 2 Project\\front_end\\src\\store\\modules\\layout.js","statementMap":{"0":{"start":{"line":15,"column":6},"end":{"line":15,"column":87}},"1":{"start":{"line":16,"column":6},"end":{"line":16,"column":97}}},"fnMap":{"0":{"name":"(anonymous_0)","decl":{"start":{"line":14,"column":4},"end":{"line":14,"column":5}},"loc":{"start":{"line":14,"column":18},"end":{"line":17,"column":5}},"line":14}},"branchMap":{},"s":{"0":0,"1":0},"f":{"0":0},"b":{},"_coverageSchema":"43e27e138ebf9cfc5966b082cf9a028302ed4184","hash":"5c464820e9d0509411ae043405085476e10d84cf"}
,"D:\\Project\\Future Phase 2 Project\\front_end\\src\\store\\modules\\map.js": {"path":"D:\\Project\\Future Phase 2 Project\\front_end\\src\\store\\modules\\map.js","statementMap":{"0":{"start":{"line":19,"column":6},"end":{"line":19,"column":244}}},"fnMap":{"0":{"name":"(anonymous_0)","decl":{"start":{"line":18,"column":4},"end":{"line":18,"column":5}},"loc":{"start":{"line":18,"column":45},"end":{"line":20,"column":5}},"line":18}},"branchMap":{},"s":{"0":0},"f":{"0":0},"b":{},"_coverageSchema":"43e27e138ebf9cfc5966b082cf9a028302ed4184","hash":"bba524f82169de3df99534e3651c8270e157daf6"}
,"D:\\Project\\Future Phase 2 Project\\front_end\\src\\store\\modules\\order-list.js": {"path":"D:\\Project\\Future Phase 2 Project\\front_end\\src\\store\\modules\\order-list.js","statementMap":{"0":{"start":{"line":4,"column":17},"end":{"line":4,"column":39}},"1":{"start":{"line":13,"column":6},"end":{"line":13,"column":32}},"2":{"start":{"line":17,"column":24},"end":{"line":17,"column":39}},"3":{"start":{"line":21,"column":6},"end":{"line":25,"column":11}},"4":{"start":{"line":23,"column":10},"end":{"line":23,"column":48}},"5":{"start":{"line":24,"column":10},"end":{"line":24,"column":21}}},"fnMap":{"0":{"name":"(anonymous_0)","decl":{"start":{"line":12,"column":4},"end":{"line":12,"column":5}},"loc":{"start":{"line":12,"column":33},"end":{"line":14,"column":5}},"line":12},"1":{"name":"(anonymous_1)","decl":{"start":{"line":17,"column":15},"end":{"line":17,"column":16}},"loc":{"start":{"line":17,"column":24},"end":{"line":17,"column":39}},"line":17},"2":{"name":"(anonymous_2)","decl":{"start":{"line":20,"column":4},"end":{"line":20,"column":5}},"loc":{"start":{"line":20,"column":29},"end":{"line":26,"column":5}},"line":20},"3":{"name":"(anonymous_3)","decl":{"start":{"line":22,"column":14},"end":{"line":22,"column":15}},"loc":{"start":{"line":22,"column":23},"end":{"line":25,"column":9}},"line":22}},"branchMap":{},"s":{"0":21,"1":4,"2":5,"3":4,"4":4,"5":4},"f":{"0":4,"1":5,"2":4,"3":4},"b":{},"_coverageSchema":"43e27e138ebf9cfc5966b082cf9a028302ed4184","hash":"3ac93b7e75246023d78988b1296e19c59ea7e6a2"}
,"D:\\Project\\Future Phase 2 Project\\front_end\\src\\store\\modules\\payment.js": {"path":"D:\\Project\\Future Phase 2 Project\\front_end\\src\\store\\modules\\payment.js","statementMap":{"0":{"start":{"line":4,"column":17},"end":{"line":4,"column":31}},"1":{"start":{"line":12,"column":6},"end":{"line":12,"column":30}},"2":{"start":{"line":16,"column":22},"end":{"line":16,"column":35}},"3":{"start":{"line":20,"column":6},"end":{"line":22,"column":9}},"4":{"start":{"line":21,"column":8},"end":{"line":21,"column":44}}},"fnMap":{"0":{"name":"(anonymous_0)","decl":{"start":{"line":11,"column":4},"end":{"line":11,"column":5}},"loc":{"start":{"line":11,"column":31},"end":{"line":13,"column":5}},"line":11},"1":{"name":"(anonymous_1)","decl":{"start":{"line":16,"column":13},"end":{"line":16,"column":14}},"loc":{"start":{"line":16,"column":22},"end":{"line":16,"column":35}},"line":16},"2":{"name":"(anonymous_2)","decl":{"start":{"line":19,"column":4},"end":{"line":19,"column":5}},"loc":{"start":{"line":19,"column":27},"end":{"line":23,"column":5}},"line":19},"3":{"name":"(anonymous_3)","decl":{"start":{"line":20,"column":46},"end":{"line":20,"column":47}},"loc":{"start":{"line":20,"column":55},"end":{"line":22,"column":7}},"line":20}},"branchMap":{},"s":{"0":21,"1":0,"2":0,"3":0,"4":0},"f":{"0":0,"1":0,"2":0,"3":0},"b":{},"_coverageSchema":"43e27e138ebf9cfc5966b082cf9a028302ed4184","hash":"5023e758c07511eeac39a8e8c03e815f3fc97929"}
,"D:\\Project\\Future Phase 2 Project\\front_end\\src\\store\\modules\\procurements.js": {"path":"D:\\Project\\Future Phase 2 Project\\front_end\\src\\store\\modules\\procurements.js","statementMap":{"0":{"start":{"line":4,"column":17},"end":{"line":4,"column":27}},"1":{"start":{"line":14,"column":6},"end":{"line":14,"column":28}},"2":{"start":{"line":15,"column":6},"end":{"line":15,"column":32}},"3":{"start":{"line":18,"column":6},"end":{"line":18,"column":38}},"4":{"start":{"line":21,"column":6},"end":{"line":21,"column":49}},"5":{"start":{"line":24,"column":6},"end":{"line":24,"column":38}},"6":{"start":{"line":28,"column":23},"end":{"line":28,"column":37}},"7":{"start":{"line":29,"column":21},"end":{"line":29,"column":37}},"8":{"start":{"line":33,"column":6},"end":{"line":35,"column":9}},"9":{"start":{"line":34,"column":8},"end":{"line":34,"column":40}},"10":{"start":{"line":38,"column":6},"end":{"line":41,"column":11}},"11":{"start":{"line":40,"column":10},"end":{"line":40,"column":42}},"12":{"start":{"line":44,"column":6},"end":{"line":47,"column":11}},"13":{"start":{"line":46,"column":10},"end":{"line":46,"column":40}},"14":{"start":{"line":50,"column":6},"end":{"line":53,"column":11}},"15":{"start":{"line":52,"column":10},"end":{"line":52,"column":45}},"16":{"start":{"line":56,"column":6},"end":{"line":59,"column":11}},"17":{"start":{"line":58,"column":10},"end":{"line":58,"column":63}}},"fnMap":{"0":{"name":"(anonymous_0)","decl":{"start":{"line":13,"column":4},"end":{"line":13,"column":5}},"loc":{"start":{"line":13,"column":41},"end":{"line":16,"column":5}},"line":13},"1":{"name":"(anonymous_1)","decl":{"start":{"line":17,"column":4},"end":{"line":17,"column":5}},"loc":{"start":{"line":17,"column":30},"end":{"line":19,"column":5}},"line":17},"2":{"name":"(anonymous_2)","decl":{"start":{"line":20,"column":4},"end":{"line":20,"column":5}},"loc":{"start":{"line":20,"column":39},"end":{"line":22,"column":5}},"line":20},"3":{"name":"(anonymous_3)","decl":{"start":{"line":23,"column":4},"end":{"line":23,"column":5}},"loc":{"start":{"line":23,"column":31},"end":{"line":25,"column":5}},"line":23},"4":{"name":"(anonymous_4)","decl":{"start":{"line":28,"column":14},"end":{"line":28,"column":15}},"loc":{"start":{"line":28,"column":23},"end":{"line":28,"column":37}},"line":28},"5":{"name":"(anonymous_5)","decl":{"start":{"line":29,"column":12},"end":{"line":29,"column":13}},"loc":{"start":{"line":29,"column":21},"end":{"line":29,"column":37}},"line":29},"6":{"name":"(anonymous_6)","decl":{"start":{"line":32,"column":4},"end":{"line":32,"column":5}},"loc":{"start":{"line":32,"column":35},"end":{"line":36,"column":5}},"line":32},"7":{"name":"(anonymous_7)","decl":{"start":{"line":33,"column":91},"end":{"line":33,"column":92}},"loc":{"start":{"line":33,"column":100},"end":{"line":35,"column":7}},"line":33},"8":{"name":"(anonymous_8)","decl":{"start":{"line":37,"column":4},"end":{"line":37,"column":5}},"loc":{"start":{"line":37,"column":28},"end":{"line":42,"column":5}},"line":37},"9":{"name":"(anonymous_9)","decl":{"start":{"line":39,"column":14},"end":{"line":39,"column":15}},"loc":{"start":{"line":39,"column":23},"end":{"line":41,"column":9}},"line":39},"10":{"name":"(anonymous_10)","decl":{"start":{"line":43,"column":4},"end":{"line":43,"column":5}},"loc":{"start":{"line":43,"column":46},"end":{"line":48,"column":5}},"line":43},"11":{"name":"(anonymous_11)","decl":{"start":{"line":45,"column":14},"end":{"line":45,"column":15}},"loc":{"start":{"line":45,"column":20},"end":{"line":47,"column":9}},"line":45},"12":{"name":"(anonymous_12)","decl":{"start":{"line":49,"column":4},"end":{"line":49,"column":5}},"loc":{"start":{"line":49,"column":31},"end":{"line":54,"column":5}},"line":49},"13":{"name":"(anonymous_13)","decl":{"start":{"line":51,"column":14},"end":{"line":51,"column":15}},"loc":{"start":{"line":51,"column":23},"end":{"line":53,"column":9}},"line":51},"14":{"name":"(anonymous_14)","decl":{"start":{"line":55,"column":4},"end":{"line":55,"column":5}},"loc":{"start":{"line":55,"column":44},"end":{"line":60,"column":5}},"line":55},"15":{"name":"(anonymous_15)","decl":{"start":{"line":57,"column":14},"end":{"line":57,"column":15}},"loc":{"start":{"line":57,"column":23},"end":{"line":59,"column":9}},"line":57}},"branchMap":{},"s":{"0":21,"1":3,"2":3,"3":1,"4":0,"5":0,"6":4,"7":3,"8":3,"9":3,"10":0,"11":0,"12":0,"13":0,"14":1,"15":1,"16":0,"17":0},"f":{"0":3,"1":1,"2":0,"3":0,"4":4,"5":3,"6":3,"7":3,"8":0,"9":0,"10":0,"11":0,"12":1,"13":1,"14":0,"15":0},"b":{},"_coverageSchema":"43e27e138ebf9cfc5966b082cf9a028302ed4184","hash":"68092343861f489cd5fe8d542cd2b8817f3ce2ec"}
,"D:\\Project\\Future Phase 2 Project\\front_end\\src\\store\\modules\\products.js": {"path":"D:\\Project\\Future Phase 2 Project\\front_end\\src\\store\\modules\\products.js","statementMap":{"0":{"start":{"line":18,"column":6},"end":{"line":18,"column":28}},"1":{"start":{"line":19,"column":6},"end":{"line":19,"column":32}},"2":{"start":{"line":22,"column":6},"end":{"line":22,"column":34}},"3":{"start":{"line":25,"column":6},"end":{"line":25,"column":30}},"4":{"start":{"line":28,"column":6},"end":{"line":28,"column":38}},"5":{"start":{"line":31,"column":6},"end":{"line":31,"column":32}},"6":{"start":{"line":34,"column":6},"end":{"line":34,"column":30}},"7":{"start":{"line":37,"column":6},"end":{"line":37,"column":44}},"8":{"start":{"line":38,"column":6},"end":{"line":38,"column":31}},"9":{"start":{"line":41,"column":6},"end":{"line":41,"column":110}},"10":{"start":{"line":44,"column":6},"end":{"line":44,"column":49}},"11":{"start":{"line":45,"column":6},"end":{"line":45,"column":37}},"12":{"start":{"line":46,"column":6},"end":{"line":46,"column":41}},"13":{"start":{"line":49,"column":6},"end":{"line":49,"column":38}},"14":{"start":{"line":53,"column":23},"end":{"line":53,"column":37}},"15":{"start":{"line":54,"column":24},"end":{"line":54,"column":39}},"16":{"start":{"line":55,"column":29},"end":{"line":55,"column":49}},"17":{"start":{"line":56,"column":22},"end":{"line":56,"column":35}},"18":{"start":{"line":57,"column":22},"end":{"line":57,"column":35}},"19":{"start":{"line":58,"column":21},"end":{"line":58,"column":37}},"20":{"start":{"line":59,"column":24},"end":{"line":59,"column":39}},"21":{"start":{"line":63,"column":6},"end":{"line":66,"column":9}},"22":{"start":{"line":64,"column":8},"end":{"line":64,"column":40}},"23":{"start":{"line":65,"column":8},"end":{"line":65,"column":19}},"24":{"start":{"line":69,"column":6},"end":{"line":72,"column":9}},"25":{"start":{"line":70,"column":8},"end":{"line":70,"column":40}},"26":{"start":{"line":71,"column":8},"end":{"line":71,"column":19}},"27":{"start":{"line":75,"column":6},"end":{"line":78,"column":9}},"28":{"start":{"line":76,"column":8},"end":{"line":76,"column":40}},"29":{"start":{"line":77,"column":8},"end":{"line":77,"column":19}},"30":{"start":{"line":81,"column":6},"end":{"line":84,"column":9}},"31":{"start":{"line":82,"column":8},"end":{"line":82,"column":40}},"32":{"start":{"line":83,"column":8},"end":{"line":83,"column":19}},"33":{"start":{"line":87,"column":6},"end":{"line":93,"column":9}},"34":{"start":{"line":88,"column":8},"end":{"line":90,"column":9}},"35":{"start":{"line":89,"column":10},"end":{"line":89,"column":21}},"36":{"start":{"line":91,"column":8},"end":{"line":91,"column":44}},"37":{"start":{"line":92,"column":8},"end":{"line":92,"column":19}},"38":{"start":{"line":96,"column":6},"end":{"line":99,"column":9}},"39":{"start":{"line":97,"column":8},"end":{"line":97,"column":51}},"40":{"start":{"line":98,"column":8},"end":{"line":98,"column":19}},"41":{"start":{"line":102,"column":6},"end":{"line":105,"column":9}},"42":{"start":{"line":103,"column":8},"end":{"line":103,"column":51}},"43":{"start":{"line":104,"column":8},"end":{"line":104,"column":19}},"44":{"start":{"line":108,"column":6},"end":{"line":111,"column":9}},"45":{"start":{"line":109,"column":8},"end":{"line":109,"column":46}},"46":{"start":{"line":110,"column":8},"end":{"line":110,"column":19}},"47":{"start":{"line":114,"column":6},"end":{"line":117,"column":9}},"48":{"start":{"line":115,"column":8},"end":{"line":115,"column":44}},"49":{"start":{"line":116,"column":8},"end":{"line":116,"column":19}},"50":{"start":{"line":120,"column":18},"end":{"line":120,"column":29}},"51":{"start":{"line":121,"column":6},"end":{"line":121,"column":40}},"52":{"start":{"line":122,"column":6},"end":{"line":122,"column":37}},"53":{"start":{"line":123,"column":6},"end":{"line":126,"column":9}},"54":{"start":{"line":124,"column":8},"end":{"line":124,"column":62}},"55":{"start":{"line":125,"column":8},"end":{"line":125,"column":19}},"56":{"start":{"line":129,"column":18},"end":{"line":129,"column":29}},"57":{"start":{"line":130,"column":6},"end":{"line":130,"column":43}},"58":{"start":{"line":131,"column":6},"end":{"line":131,"column":43}},"59":{"start":{"line":132,"column":6},"end":{"line":132,"column":40}},"60":{"start":{"line":133,"column":6},"end":{"line":133,"column":37}},"61":{"start":{"line":134,"column":6},"end":{"line":137,"column":9}},"62":{"start":{"line":135,"column":8},"end":{"line":135,"column":44}},"63":{"start":{"line":136,"column":8},"end":{"line":136,"column":19}},"64":{"start":{"line":140,"column":6},"end":{"line":143,"column":9}},"65":{"start":{"line":141,"column":8},"end":{"line":141,"column":39}},"66":{"start":{"line":142,"column":8},"end":{"line":142,"column":19}},"67":{"start":{"line":146,"column":23},"end":{"line":146,"column":37}},"68":{"start":{"line":147,"column":6},"end":{"line":147,"column":36}},"69":{"start":{"line":149,"column":6},"end":{"line":152,"column":9}},"70":{"start":{"line":150,"column":8},"end":{"line":150,"column":39}},"71":{"start":{"line":151,"column":8},"end":{"line":151,"column":19}},"72":{"start":{"line":155,"column":6},"end":{"line":155,"column":30}},"73":{"start":{"line":159,"column":6},"end":{"line":159,"column":43}},"74":{"start":{"line":160,"column":6},"end":{"line":160,"column":31}}},"fnMap":{"0":{"name":"(anonymous_0)","decl":{"start":{"line":17,"column":4},"end":{"line":17,"column":5}},"loc":{"start":{"line":17,"column":41},"end":{"line":20,"column":5}},"line":17},"1":{"name":"(anonymous_1)","decl":{"start":{"line":21,"column":4},"end":{"line":21,"column":5}},"loc":{"start":{"line":21,"column":35},"end":{"line":23,"column":5}},"line":21},"2":{"name":"(anonymous_2)","decl":{"start":{"line":24,"column":4},"end":{"line":24,"column":5}},"loc":{"start":{"line":24,"column":31},"end":{"line":26,"column":5}},"line":24},"3":{"name":"(anonymous_3)","decl":{"start":{"line":27,"column":4},"end":{"line":27,"column":5}},"loc":{"start":{"line":27,"column":31},"end":{"line":29,"column":5}},"line":27},"4":{"name":"(anonymous_4)","decl":{"start":{"line":30,"column":4},"end":{"line":30,"column":5}},"loc":{"start":{"line":30,"column":33},"end":{"line":32,"column":5}},"line":30},"5":{"name":"(anonymous_5)","decl":{"start":{"line":33,"column":4},"end":{"line":33,"column":5}},"loc":{"start":{"line":33,"column":31},"end":{"line":35,"column":5}},"line":33},"6":{"name":"(anonymous_6)","decl":{"start":{"line":36,"column":4},"end":{"line":36,"column":5}},"loc":{"start":{"line":36,"column":25},"end":{"line":39,"column":5}},"line":36},"7":{"name":"(anonymous_7)","decl":{"start":{"line":40,"column":4},"end":{"line":40,"column":5}},"loc":{"start":{"line":40,"column":32},"end":{"line":42,"column":5}},"line":40},"8":{"name":"(anonymous_8)","decl":{"start":{"line":43,"column":4},"end":{"line":43,"column":5}},"loc":{"start":{"line":43,"column":40},"end":{"line":47,"column":5}},"line":43},"9":{"name":"(anonymous_9)","decl":{"start":{"line":48,"column":4},"end":{"line":48,"column":5}},"loc":{"start":{"line":48,"column":32},"end":{"line":50,"column":5}},"line":48},"10":{"name":"(anonymous_10)","decl":{"start":{"line":53,"column":14},"end":{"line":53,"column":15}},"loc":{"start":{"line":53,"column":23},"end":{"line":53,"column":37}},"line":53},"11":{"name":"(anonymous_11)","decl":{"start":{"line":54,"column":15},"end":{"line":54,"column":16}},"loc":{"start":{"line":54,"column":24},"end":{"line":54,"column":39}},"line":54},"12":{"name":"(anonymous_12)","decl":{"start":{"line":55,"column":20},"end":{"line":55,"column":21}},"loc":{"start":{"line":55,"column":29},"end":{"line":55,"column":49}},"line":55},"13":{"name":"(anonymous_13)","decl":{"start":{"line":56,"column":13},"end":{"line":56,"column":14}},"loc":{"start":{"line":56,"column":22},"end":{"line":56,"column":35}},"line":56},"14":{"name":"(anonymous_14)","decl":{"start":{"line":57,"column":13},"end":{"line":57,"column":14}},"loc":{"start":{"line":57,"column":22},"end":{"line":57,"column":35}},"line":57},"15":{"name":"(anonymous_15)","decl":{"start":{"line":58,"column":12},"end":{"line":58,"column":13}},"loc":{"start":{"line":58,"column":21},"end":{"line":58,"column":37}},"line":58},"16":{"name":"(anonymous_16)","decl":{"start":{"line":59,"column":15},"end":{"line":59,"column":16}},"loc":{"start":{"line":59,"column":24},"end":{"line":59,"column":39}},"line":59},"17":{"name":"(anonymous_17)","decl":{"start":{"line":62,"column":4},"end":{"line":62,"column":5}},"loc":{"start":{"line":62,"column":35},"end":{"line":67,"column":5}},"line":62},"18":{"name":"(anonymous_18)","decl":{"start":{"line":63,"column":89},"end":{"line":63,"column":90}},"loc":{"start":{"line":63,"column":98},"end":{"line":66,"column":7}},"line":63},"19":{"name":"(anonymous_19)","decl":{"start":{"line":68,"column":4},"end":{"line":68,"column":5}},"loc":{"start":{"line":68,"column":41},"end":{"line":73,"column":5}},"line":68},"20":{"name":"(anonymous_20)","decl":{"start":{"line":69,"column":106},"end":{"line":69,"column":107}},"loc":{"start":{"line":69,"column":115},"end":{"line":72,"column":7}},"line":69},"21":{"name":"(anonymous_21)","decl":{"start":{"line":74,"column":4},"end":{"line":74,"column":5}},"loc":{"start":{"line":74,"column":50},"end":{"line":79,"column":5}},"line":74},"22":{"name":"(anonymous_22)","decl":{"start":{"line":75,"column":101},"end":{"line":75,"column":102}},"loc":{"start":{"line":75,"column":110},"end":{"line":78,"column":7}},"line":75},"23":{"name":"(anonymous_23)","decl":{"start":{"line":80,"column":4},"end":{"line":80,"column":5}},"loc":{"start":{"line":80,"column":35},"end":{"line":85,"column":5}},"line":80},"24":{"name":"(anonymous_24)","decl":{"start":{"line":81,"column":84},"end":{"line":81,"column":85}},"loc":{"start":{"line":81,"column":93},"end":{"line":84,"column":7}},"line":81},"25":{"name":"(anonymous_25)","decl":{"start":{"line":86,"column":4},"end":{"line":86,"column":5}},"loc":{"start":{"line":86,"column":31},"end":{"line":94,"column":5}},"line":86},"26":{"name":"(anonymous_26)","decl":{"start":{"line":87,"column":47},"end":{"line":87,"column":48}},"loc":{"start":{"line":87,"column":56},"end":{"line":93,"column":7}},"line":87},"27":{"name":"(anonymous_27)","decl":{"start":{"line":95,"column":4},"end":{"line":95,"column":5}},"loc":{"start":{"line":95,"column":41},"end":{"line":100,"column":5}},"line":95},"28":{"name":"(anonymous_28)","decl":{"start":{"line":96,"column":92},"end":{"line":96,"column":93}},"loc":{"start":{"line":96,"column":101},"end":{"line":99,"column":7}},"line":96},"29":{"name":"(anonymous_29)","decl":{"start":{"line":101,"column":4},"end":{"line":101,"column":5}},"loc":{"start":{"line":101,"column":52},"end":{"line":106,"column":5}},"line":101},"30":{"name":"(anonymous_30)","decl":{"start":{"line":102,"column":98},"end":{"line":102,"column":99}},"loc":{"start":{"line":102,"column":107},"end":{"line":105,"column":7}},"line":102},"31":{"name":"(anonymous_31)","decl":{"start":{"line":107,"column":4},"end":{"line":107,"column":5}},"loc":{"start":{"line":107,"column":36},"end":{"line":112,"column":5}},"line":107},"32":{"name":"(anonymous_32)","decl":{"start":{"line":108,"column":90},"end":{"line":108,"column":91}},"loc":{"start":{"line":108,"column":99},"end":{"line":111,"column":7}},"line":108},"33":{"name":"(anonymous_33)","decl":{"start":{"line":113,"column":4},"end":{"line":113,"column":5}},"loc":{"start":{"line":113,"column":34},"end":{"line":118,"column":5}},"line":113},"34":{"name":"(anonymous_34)","decl":{"start":{"line":114,"column":93},"end":{"line":114,"column":94}},"loc":{"start":{"line":114,"column":102},"end":{"line":117,"column":7}},"line":114},"35":{"name":"(anonymous_35)","decl":{"start":{"line":119,"column":4},"end":{"line":119,"column":5}},"loc":{"start":{"line":119,"column":45},"end":{"line":127,"column":5}},"line":119},"36":{"name":"(anonymous_36)","decl":{"start":{"line":123,"column":46},"end":{"line":123,"column":47}},"loc":{"start":{"line":123,"column":55},"end":{"line":126,"column":7}},"line":123},"37":{"name":"(anonymous_37)","decl":{"start":{"line":128,"column":4},"end":{"line":128,"column":5}},"loc":{"start":{"line":128,"column":33},"end":{"line":138,"column":5}},"line":128},"38":{"name":"(anonymous_38)","decl":{"start":{"line":134,"column":47},"end":{"line":134,"column":48}},"loc":{"start":{"line":134,"column":56},"end":{"line":137,"column":7}},"line":134},"39":{"name":"(anonymous_39)","decl":{"start":{"line":139,"column":4},"end":{"line":139,"column":5}},"loc":{"start":{"line":139,"column":47},"end":{"line":144,"column":5}},"line":139},"40":{"name":"(anonymous_40)","decl":{"start":{"line":140,"column":55},"end":{"line":140,"column":56}},"loc":{"start":{"line":140,"column":64},"end":{"line":143,"column":7}},"line":140},"41":{"name":"(anonymous_41)","decl":{"start":{"line":145,"column":4},"end":{"line":145,"column":5}},"loc":{"start":{"line":145,"column":50},"end":{"line":153,"column":5}},"line":145},"42":{"name":"(anonymous_42)","decl":{"start":{"line":149,"column":64},"end":{"line":149,"column":65}},"loc":{"start":{"line":149,"column":73},"end":{"line":152,"column":7}},"line":149},"43":{"name":"(anonymous_43)","decl":{"start":{"line":154,"column":4},"end":{"line":154,"column":5}},"loc":{"start":{"line":154,"column":30},"end":{"line":156,"column":5}},"line":154},"44":{"name":"(anonymous_44)","decl":{"start":{"line":158,"column":4},"end":{"line":158,"column":5}},"loc":{"start":{"line":158,"column":18},"end":{"line":161,"column":5}},"line":158}},"branchMap":{"0":{"loc":{"start":{"line":88,"column":8},"end":{"line":90,"column":9}},"type":"if","locations":[{"start":{"line":88,"column":8},"end":{"line":90,"column":9}},{"start":{"line":88,"column":8},"end":{"line":90,"column":9}}],"line":88}},"s":{"0":5,"1":5,"2":13,"3":12,"4":0,"5":1,"6":1,"7":0,"8":0,"9":0,"10":0,"11":0,"12":0,"13":0,"14":9,"15":2,"16":16,"17":2,"18":14,"19":0,"20":0,"21":0,"22":0,"23":0,"24":1,"25":1,"26":1,"27":1,"28":1,"29":1,"30":3,"31":3,"32":3,"33":12,"34":12,"35":0,"36":12,"37":12,"38":2,"39":2,"40":2,"41":11,"42":11,"43":11,"44":1,"45":1,"46":1,"47":1,"48":1,"49":1,"50":0,"51":0,"52":0,"53":0,"54":0,"55":0,"56":0,"57":0,"58":0,"59":0,"60":0,"61":0,"62":0,"63":0,"64":0,"65":0,"66":0,"67":0,"68":0,"69":0,"70":0,"71":0,"72":0,"73":0,"74":0},"f":{"0":5,"1":13,"2":12,"3":0,"4":1,"5":1,"6":0,"7":0,"8":0,"9":0,"10":9,"11":2,"12":16,"13":2,"14":14,"15":0,"16":0,"17":0,"18":0,"19":1,"20":1,"21":1,"22":1,"23":3,"24":3,"25":12,"26":12,"27":2,"28":2,"29":11,"30":11,"31":1,"32":1,"33":1,"34":1,"35":0,"36":0,"37":0,"38":0,"39":0,"40":0,"41":0,"42":0,"43":0,"44":0},"b":{"0":[0,12]},"_coverageSchema":"43e27e138ebf9cfc5966b082cf9a028302ed4184","hash":"998f44c2133944645e51a45edb4395ddd79882b4"}
,"D:\\Project\\Future Phase 2 Project\\front_end\\src\\store\\modules\\retails.js": {"path":"D:\\Project\\Future Phase 2 Project\\front_end\\src\\store\\modules\\retails.js","statementMap":{"0":{"start":{"line":4,"column":17},"end":{"line":4,"column":27}},"1":{"start":{"line":14,"column":6},"end":{"line":14,"column":27}},"2":{"start":{"line":15,"column":6},"end":{"line":15,"column":32}},"3":{"start":{"line":18,"column":6},"end":{"line":18,"column":37}},"4":{"start":{"line":21,"column":6},"end":{"line":21,"column":48}},"5":{"start":{"line":24,"column":6},"end":{"line":24,"column":37}},"6":{"start":{"line":28,"column":22},"end":{"line":28,"column":35}},"7":{"start":{"line":29,"column":21},"end":{"line":29,"column":37}},"8":{"start":{"line":33,"column":6},"end":{"line":36,"column":9}},"9":{"start":{"line":34,"column":8},"end":{"line":34,"column":39}},"10":{"start":{"line":35,"column":8},"end":{"line":35,"column":19}},"11":{"start":{"line":39,"column":6},"end":{"line":43,"column":11}},"12":{"start":{"line":41,"column":10},"end":{"line":41,"column":41}},"13":{"start":{"line":42,"column":10},"end":{"line":42,"column":21}},"14":{"start":{"line":46,"column":6},"end":{"line":50,"column":11}},"15":{"start":{"line":48,"column":10},"end":{"line":48,"column":40}},"16":{"start":{"line":49,"column":10},"end":{"line":49,"column":21}},"17":{"start":{"line":53,"column":6},"end":{"line":57,"column":11}},"18":{"start":{"line":55,"column":10},"end":{"line":55,"column":45}},"19":{"start":{"line":56,"column":10},"end":{"line":56,"column":21}},"20":{"start":{"line":60,"column":6},"end":{"line":64,"column":11}},"21":{"start":{"line":62,"column":10},"end":{"line":62,"column":63}},"22":{"start":{"line":63,"column":10},"end":{"line":63,"column":21}}},"fnMap":{"0":{"name":"(anonymous_0)","decl":{"start":{"line":13,"column":4},"end":{"line":13,"column":5}},"loc":{"start":{"line":13,"column":40},"end":{"line":16,"column":5}},"line":13},"1":{"name":"(anonymous_1)","decl":{"start":{"line":17,"column":4},"end":{"line":17,"column":5}},"loc":{"start":{"line":17,"column":30},"end":{"line":19,"column":5}},"line":17},"2":{"name":"(anonymous_2)","decl":{"start":{"line":20,"column":4},"end":{"line":20,"column":5}},"loc":{"start":{"line":20,"column":39},"end":{"line":22,"column":5}},"line":20},"3":{"name":"(anonymous_3)","decl":{"start":{"line":23,"column":4},"end":{"line":23,"column":5}},"loc":{"start":{"line":23,"column":31},"end":{"line":25,"column":5}},"line":23},"4":{"name":"(anonymous_4)","decl":{"start":{"line":28,"column":13},"end":{"line":28,"column":14}},"loc":{"start":{"line":28,"column":22},"end":{"line":28,"column":35}},"line":28},"5":{"name":"(anonymous_5)","decl":{"start":{"line":29,"column":12},"end":{"line":29,"column":13}},"loc":{"start":{"line":29,"column":21},"end":{"line":29,"column":37}},"line":29},"6":{"name":"(anonymous_6)","decl":{"start":{"line":32,"column":4},"end":{"line":32,"column":5}},"loc":{"start":{"line":32,"column":35},"end":{"line":37,"column":5}},"line":32},"7":{"name":"(anonymous_7)","decl":{"start":{"line":33,"column":91},"end":{"line":33,"column":92}},"loc":{"start":{"line":33,"column":100},"end":{"line":36,"column":7}},"line":33},"8":{"name":"(anonymous_8)","decl":{"start":{"line":38,"column":4},"end":{"line":38,"column":5}},"loc":{"start":{"line":38,"column":27},"end":{"line":44,"column":5}},"line":38},"9":{"name":"(anonymous_9)","decl":{"start":{"line":40,"column":14},"end":{"line":40,"column":15}},"loc":{"start":{"line":40,"column":23},"end":{"line":43,"column":9}},"line":40},"10":{"name":"(anonymous_10)","decl":{"start":{"line":45,"column":4},"end":{"line":45,"column":5}},"loc":{"start":{"line":45,"column":46},"end":{"line":51,"column":5}},"line":45},"11":{"name":"(anonymous_11)","decl":{"start":{"line":47,"column":14},"end":{"line":47,"column":15}},"loc":{"start":{"line":47,"column":23},"end":{"line":50,"column":9}},"line":47},"12":{"name":"(anonymous_12)","decl":{"start":{"line":52,"column":4},"end":{"line":52,"column":5}},"loc":{"start":{"line":52,"column":31},"end":{"line":58,"column":5}},"line":52},"13":{"name":"(anonymous_13)","decl":{"start":{"line":54,"column":14},"end":{"line":54,"column":15}},"loc":{"start":{"line":54,"column":23},"end":{"line":57,"column":9}},"line":54},"14":{"name":"(anonymous_14)","decl":{"start":{"line":59,"column":4},"end":{"line":59,"column":5}},"loc":{"start":{"line":59,"column":44},"end":{"line":65,"column":5}},"line":59},"15":{"name":"(anonymous_15)","decl":{"start":{"line":61,"column":14},"end":{"line":61,"column":15}},"loc":{"start":{"line":61,"column":23},"end":{"line":64,"column":9}},"line":61}},"branchMap":{},"s":{"0":21,"1":0,"2":0,"3":0,"4":0,"5":0,"6":0,"7":0,"8":0,"9":0,"10":0,"11":0,"12":0,"13":0,"14":0,"15":0,"16":0,"17":0,"18":0,"19":0,"20":0,"21":0,"22":0},"f":{"0":0,"1":0,"2":0,"3":0,"4":0,"5":0,"6":0,"7":0,"8":0,"9":0,"10":0,"11":0,"12":0,"13":0,"14":0,"15":0},"b":{},"_coverageSchema":"43e27e138ebf9cfc5966b082cf9a028302ed4184","hash":"0294ad4a978f649956d469a7cd014622a3ff52b2"}
,"D:\\Project\\Future Phase 2 Project\\front_end\\src\\store\\modules\\reviews.js": {"path":"D:\\Project\\Future Phase 2 Project\\front_end\\src\\store\\modules\\reviews.js","statementMap":{"0":{"start":{"line":11,"column":6},"end":{"line":11,"column":29}},"1":{"start":{"line":15,"column":21},"end":{"line":15,"column":33}},"2":{"start":{"line":19,"column":6},"end":{"line":21,"column":9}},"3":{"start":{"line":20,"column":8},"end":{"line":20,"column":43}}},"fnMap":{"0":{"name":"(anonymous_0)","decl":{"start":{"line":10,"column":4},"end":{"line":10,"column":5}},"loc":{"start":{"line":10,"column":30},"end":{"line":12,"column":5}},"line":10},"1":{"name":"(anonymous_1)","decl":{"start":{"line":15,"column":12},"end":{"line":15,"column":13}},"loc":{"start":{"line":15,"column":21},"end":{"line":15,"column":33}},"line":15},"2":{"name":"(anonymous_2)","decl":{"start":{"line":18,"column":4},"end":{"line":18,"column":5}},"loc":{"start":{"line":18,"column":37},"end":{"line":22,"column":5}},"line":18},"3":{"name":"(anonymous_3)","decl":{"start":{"line":19,"column":52},"end":{"line":19,"column":53}},"loc":{"start":{"line":19,"column":61},"end":{"line":21,"column":7}},"line":19}},"branchMap":{},"s":{"0":0,"1":0,"2":0,"3":0},"f":{"0":0,"1":0,"2":0,"3":0},"b":{},"_coverageSchema":"43e27e138ebf9cfc5966b082cf9a028302ed4184","hash":"a71f1778260e98f96cbadd25b876839d65f2840e"}
,"D:\\Project\\Future Phase 2 Project\\front_end\\src\\store\\modules\\suppliers.js": {"path":"D:\\Project\\Future Phase 2 Project\\front_end\\src\\store\\modules\\suppliers.js","statementMap":{"0":{"start":{"line":4,"column":17},"end":{"line":4,"column":28}},"1":{"start":{"line":14,"column":6},"end":{"line":14,"column":29}},"2":{"start":{"line":15,"column":6},"end":{"line":15,"column":32}},"3":{"start":{"line":18,"column":6},"end":{"line":18,"column":39}},"4":{"start":{"line":21,"column":6},"end":{"line":21,"column":50}},"5":{"start":{"line":24,"column":6},"end":{"line":24,"column":39}},"6":{"start":{"line":28,"column":24},"end":{"line":28,"column":39}},"7":{"start":{"line":29,"column":21},"end":{"line":29,"column":37}},"8":{"start":{"line":33,"column":6},"end":{"line":36,"column":9}},"9":{"start":{"line":34,"column":8},"end":{"line":34,"column":41}},"10":{"start":{"line":35,"column":8},"end":{"line":35,"column":19}},"11":{"start":{"line":39,"column":6},"end":{"line":43,"column":11}},"12":{"start":{"line":41,"column":10},"end":{"line":41,"column":43}},"13":{"start":{"line":42,"column":10},"end":{"line":42,"column":21}},"14":{"start":{"line":46,"column":6},"end":{"line":50,"column":11}},"15":{"start":{"line":48,"column":10},"end":{"line":48,"column":42}},"16":{"start":{"line":49,"column":10},"end":{"line":49,"column":21}},"17":{"start":{"line":53,"column":6},"end":{"line":57,"column":11}},"18":{"start":{"line":55,"column":10},"end":{"line":55,"column":47}},"19":{"start":{"line":56,"column":10},"end":{"line":56,"column":21}},"20":{"start":{"line":60,"column":6},"end":{"line":64,"column":11}},"21":{"start":{"line":62,"column":10},"end":{"line":62,"column":65}},"22":{"start":{"line":63,"column":10},"end":{"line":63,"column":21}}},"fnMap":{"0":{"name":"(anonymous_0)","decl":{"start":{"line":13,"column":4},"end":{"line":13,"column":5}},"loc":{"start":{"line":13,"column":42},"end":{"line":16,"column":5}},"line":13},"1":{"name":"(anonymous_1)","decl":{"start":{"line":17,"column":4},"end":{"line":17,"column":5}},"loc":{"start":{"line":17,"column":32},"end":{"line":19,"column":5}},"line":17},"2":{"name":"(anonymous_2)","decl":{"start":{"line":20,"column":4},"end":{"line":20,"column":5}},"loc":{"start":{"line":20,"column":41},"end":{"line":22,"column":5}},"line":20},"3":{"name":"(anonymous_3)","decl":{"start":{"line":23,"column":4},"end":{"line":23,"column":5}},"loc":{"start":{"line":23,"column":33},"end":{"line":25,"column":5}},"line":23},"4":{"name":"(anonymous_4)","decl":{"start":{"line":28,"column":15},"end":{"line":28,"column":16}},"loc":{"start":{"line":28,"column":24},"end":{"line":28,"column":39}},"line":28},"5":{"name":"(anonymous_5)","decl":{"start":{"line":29,"column":12},"end":{"line":29,"column":13}},"loc":{"start":{"line":29,"column":21},"end":{"line":29,"column":37}},"line":29},"6":{"name":"(anonymous_6)","decl":{"start":{"line":32,"column":4},"end":{"line":32,"column":5}},"loc":{"start":{"line":32,"column":35},"end":{"line":37,"column":5}},"line":32},"7":{"name":"(anonymous_7)","decl":{"start":{"line":33,"column":91},"end":{"line":33,"column":92}},"loc":{"start":{"line":33,"column":100},"end":{"line":36,"column":7}},"line":33},"8":{"name":"(anonymous_8)","decl":{"start":{"line":38,"column":4},"end":{"line":38,"column":5}},"loc":{"start":{"line":38,"column":29},"end":{"line":44,"column":5}},"line":38},"9":{"name":"(anonymous_9)","decl":{"start":{"line":40,"column":14},"end":{"line":40,"column":15}},"loc":{"start":{"line":40,"column":23},"end":{"line":43,"column":9}},"line":40},"10":{"name":"(anonymous_10)","decl":{"start":{"line":45,"column":4},"end":{"line":45,"column":5}},"loc":{"start":{"line":45,"column":48},"end":{"line":51,"column":5}},"line":45},"11":{"name":"(anonymous_11)","decl":{"start":{"line":47,"column":14},"end":{"line":47,"column":15}},"loc":{"start":{"line":47,"column":23},"end":{"line":50,"column":9}},"line":47},"12":{"name":"(anonymous_12)","decl":{"start":{"line":52,"column":4},"end":{"line":52,"column":5}},"loc":{"start":{"line":52,"column":33},"end":{"line":58,"column":5}},"line":52},"13":{"name":"(anonymous_13)","decl":{"start":{"line":54,"column":14},"end":{"line":54,"column":15}},"loc":{"start":{"line":54,"column":23},"end":{"line":57,"column":9}},"line":54},"14":{"name":"(anonymous_14)","decl":{"start":{"line":59,"column":4},"end":{"line":59,"column":5}},"loc":{"start":{"line":59,"column":46},"end":{"line":65,"column":5}},"line":59},"15":{"name":"(anonymous_15)","decl":{"start":{"line":61,"column":14},"end":{"line":61,"column":15}},"loc":{"start":{"line":61,"column":23},"end":{"line":64,"column":9}},"line":61}},"branchMap":{},"s":{"0":21,"1":10,"2":10,"3":1,"4":1,"5":1,"6":13,"7":8,"8":8,"9":8,"10":8,"11":2,"12":2,"13":2,"14":1,"15":1,"16":1,"17":1,"18":1,"19":1,"20":1,"21":1,"22":1},"f":{"0":10,"1":1,"2":1,"3":1,"4":13,"5":8,"6":8,"7":8,"8":2,"9":2,"10":1,"11":1,"12":1,"13":1,"14":1,"15":1},"b":{},"_coverageSchema":"43e27e138ebf9cfc5966b082cf9a028302ed4184","hash":"92ac4504254d7535d0f9a2799e2956e213ee1f0d"}
,"D:\\Project\\Future Phase 2 Project\\front_end\\src\\store\\modules\\transaction.js": {"path":"D:\\Project\\Future Phase 2 Project\\front_end\\src\\store\\modules\\transaction.js","statementMap":{"0":{"start":{"line":13,"column":6},"end":{"line":13,"column":27}},"1":{"start":{"line":16,"column":6},"end":{"line":16,"column":28}},"2":{"start":{"line":20,"column":22},"end":{"line":20,"column":35}},"3":{"start":{"line":21,"column":23},"end":{"line":21,"column":37}},"4":{"start":{"line":25,"column":6},"end":{"line":28,"column":9}},"5":{"start":{"line":26,"column":8},"end":{"line":26,"column":44}},"6":{"start":{"line":27,"column":8},"end":{"line":27,"column":19}},"7":{"start":{"line":31,"column":6},"end":{"line":34,"column":9}},"8":{"start":{"line":32,"column":8},"end":{"line":32,"column":45}},"9":{"start":{"line":33,"column":8},"end":{"line":33,"column":19}},"10":{"start":{"line":37,"column":18},"end":{"line":37,"column":20}},"11":{"start":{"line":38,"column":6},"end":{"line":43,"column":9}},"12":{"start":{"line":39,"column":8},"end":{"line":42,"column":11}},"13":{"start":{"line":45,"column":6},"end":{"line":45,"column":56}},"14":{"start":{"line":48,"column":6},"end":{"line":48,"column":54}}},"fnMap":{"0":{"name":"(anonymous_0)","decl":{"start":{"line":12,"column":4},"end":{"line":12,"column":5}},"loc":{"start":{"line":12,"column":28},"end":{"line":14,"column":5}},"line":12},"1":{"name":"(anonymous_1)","decl":{"start":{"line":15,"column":4},"end":{"line":15,"column":5}},"loc":{"start":{"line":15,"column":29},"end":{"line":17,"column":5}},"line":15},"2":{"name":"(anonymous_2)","decl":{"start":{"line":20,"column":13},"end":{"line":20,"column":14}},"loc":{"start":{"line":20,"column":22},"end":{"line":20,"column":35}},"line":20},"3":{"name":"(anonymous_3)","decl":{"start":{"line":21,"column":14},"end":{"line":21,"column":15}},"loc":{"start":{"line":21,"column":23},"end":{"line":21,"column":37}},"line":21},"4":{"name":"(anonymous_4)","decl":{"start":{"line":24,"column":4},"end":{"line":24,"column":5}},"loc":{"start":{"line":24,"column":31},"end":{"line":29,"column":5}},"line":24},"5":{"name":"(anonymous_5)","decl":{"start":{"line":25,"column":50},"end":{"line":25,"column":51}},"loc":{"start":{"line":25,"column":59},"end":{"line":28,"column":7}},"line":25},"6":{"name":"(anonymous_6)","decl":{"start":{"line":30,"column":4},"end":{"line":30,"column":5}},"loc":{"start":{"line":30,"column":32},"end":{"line":35,"column":5}},"line":30},"7":{"name":"(anonymous_7)","decl":{"start":{"line":31,"column":47},"end":{"line":31,"column":48}},"loc":{"start":{"line":31,"column":56},"end":{"line":34,"column":7}},"line":31},"8":{"name":"(anonymous_8)","decl":{"start":{"line":36,"column":4},"end":{"line":36,"co
[...]
47,"column":0},"end":{"line":247,"column":null}}]},"3":{"loc":{"start":{"line":248,"column":0},"end":{"line":248,"column":null}},"type":"binary-expr","locations":[{"start":{"line":248,"column":0},"end":{"line":248,"column":null}},{"start":{"line":248,"column":0},"end":{"line":248,"column":null}},{"start":{"line":248,"column":0},"end":{"line":248,"column":null}}]},"4":{"loc":{"start":{"line":251,"column":0},"end":{"line":253,"column":null}},"type":"if","locations":[{"start":{"line":251,"column":0},"end":{"line":253,"column":null}},{"start":{"line":251,"column":0},"end":{"line":253,"column":null}}]},"5":{"loc":{"start":{"line":251,"column":0},"end":{"line":251,"column":null}},"type":"binary-expr","locations":[{"start":{"line":251,"column":0},"end":{"line":251,"column":null}},{"start":{"line":251,"column":0},"end":{"line":251,"column":null}}]},"6":{"loc":{"start":{"line":280,"column":0},"end":{"line":307,"column":null}},"type":"if","locations":[{"start":{"line":280,"column":0},"end":{"line":307,"column":null}},{"start":{"line":280,"column":0},"end":{"line":307,"column":null}}]},"7":{"loc":{"start":{"line":283,"column":0},"end":{"line":292,"column":null}},"type":"if","locations":[{"start":{"line":283,"column":0},"end":{"line":292,"column":null}},{"start":{"line":283,"column":0},"end":{"line":292,"column":null}}]},"8":{"loc":{"start":{"line":311,"column":0},"end":{"line":313,"column":null}},"type":"if","locations":[{"start":{"line":311,"column":0},"end":{"line":313,"column":null}},{"start":{"line":311,"column":0},"end":{"line":313,"column":null}}]},"9":{"loc":{"start":{"line":325,"column":0},"end":{"line":327,"column":null}},"type":"if","locations":[{"start":{"line":325,"column":0},"end":{"line":327,"column":null}},{"start":{"line":325,"column":0},"end":{"line":327,"column":null}}]},"10":{"loc":{"start":{"line":328,"column":0},"end":{"line":330,"column":null}},"type":"if","locations":[{"start":{"line":328,"column":0},"end":{"line":330,"column":null}},{"start":{"line":328,"column":0},"end":{"line":330,"column":null}}]}},"s":{"0":1,"1":5,"2":4,"3":4,"4":4,"5":4,"6":4,"7":2,"8":2,"9":0,"10":1,"11":1,"12":1,"13":4,"14":4,"15":3,"16":2,"17":1,"18":1,"19":1,"20":1,"21":1,"22":2,"23":1,"24":1,"25":1,"26":1,"27":1,"28":1,"29":1,"30":1,"31":4,"32":2,"33":2,"34":0,"35":2,"36":5,"37":0,"38":5},"f":{"0":5,"1":4,"2":4,"3":4,"4":4,"5":4,"6":0,"7":1,"8":1,"9":4,"10":3,"11":1,"12":1,"13":2,"14":1,"15":4,"16":5,"17":0,"18":5},"b":{"0":[4,4],"1":[4,4],"2":[4,4],"3":[4,0,4],"4":[2,2],"5":[4,4],"6":[2,1],"7":[1,0],"8":[1,0],"9":[2,2],"10":[0,2]}}
,"D:\\Project\\Future Phase 2 Project\\front_end\\src\\views\\Register.vue": {"path":"D:\\Project\\Future Phase 2 Project\\front_end\\src\\views\\Register.vue","statementMap":{"0":{"start":{"line":68,"column":0},"end":{"line":68,"column":null}},"1":{"start":{"line":75,"column":0},"end":{"line":75,"column":null}},"2":{"start":{"line":87,"column":0},"end":{"line":87,"column":null}},"3":{"start":{"line":91,"column":0},"end":{"line":91,"column":null}},"4":{"start":{"line":95,"column":0},"end":{"line":95,"column":null}},"5":{"start":{"line":107,"column":0},"end":{"line":107,"column":null}},"6":{"start":{"line":108,"column":0},"end":{"line":108,"column":null}},"7":{"start":{"line":109,"column":0},"end":{"line":122,"column":null}},"8":{"start":{"line":111,"column":0},"end":{"line":111,"column":null}},"9":{"start":{"line":112,"column":0},"end":{"line":112,"column":null}},"10":{"start":{"line":115,"column":0},"end":{"line":118,"column":null}},"11":{"start":{"line":116,"column":0},"end":{"line":116,"column":null}},"12":{"start":{"line":117,"column":0},"end":{"line":117,"column":null}},"13":{"start":{"line":121,"column":0},"end":{"line":121,"column":null}},"14":{"start":{"line":125,"column":0},"end":{"line":125,"column":null}}},"fnMap":{"0":{"name":"(anonymous_1)","decl":{"start":{"line":74,"column":0},"end":{"line":74,"column":null}},"loc":{"start":{"line":74,"column":0},"end":{"line":101,"column":null}}},"1":{"name":"(anonymous_2)","decl":{"start":{"line":87,"column":0},"end":{"line":87,"column":null}},"loc":{"start":{"line":87,"column":0},"end":{"line":87,"column":null}}},"2":{"name":"(anonymous_4)","decl":{"start":{"line":91,"column":0},"end":{"line":91,"column":null}},"loc":{"start":{"line":91,"column":0},"end":{"line":91,"column":null}}},"3":{"name":"(anonymous_6)","decl":{"start":{"line":95,"column":0},"end":{"line":95,"column":null}},"loc":{"start":{"line":95,"column":0},"end":{"line":95,"column":null}}},"4":{"name":"(anonymous_8)","decl":{"start":{"line":102,"column":0},"end":{"line":102,"column":null}},"loc":{"start":{"line":102,"column":0},"end":{"line":102,"column":null}}},"5":{"name":"(anonymous_9)","decl":{"start":{"line":106,"column":0},"end":{"line":106,"column":null}},"loc":{"start":{"line":106,"column":0},"end":{"line":123,"column":null}}},"6":{"name":"(anonymous_10)","decl":{"start":{"line":109,"column":0},"end":{"line":109,"column":null}},"loc":{"start":{"line":109,"column":0},"end":{"line":113,"column":null}}},"7":{"name":"(anonymous_11)","decl":{"start":{"line":113,"column":0},"end":{"line":113,"column":null}},"loc":{"start":{"line":113,"column":0},"end":{"line":119,"column":null}}},"8":{"name":"(anonymous_12)","decl":{"start":{"line":119,"column":0},"end":{"line":119,"column":null}},"loc":{"start":{"line":119,"column":0},"end":{"line":122,"column":null}}},"9":{"name":"(anonymous_13)","decl":{"start":{"line":124,"column":0},"end":{"line":124,"column":null}},"loc":{"start":{"line":124,"column":0},"end":{"line":126,"column":null}}}},"branchMap":{"0":{"loc":{"start":{"line":87,"column":0},"end":{"line":87,"column":null}},"type":"binary-expr","locations":[{"start":{"line":87,"column":0},"end":{"line":87,"column":null}},{"start":{"line":87,"column":0},"end":{"line":87,"column":null}}]},"1":{"loc":{"start":{"line":91,"column":0},"end":{"line":91,"column":null}},"type":"binary-expr","locations":[{"start":{"line":91,"column":0},"end":{"line":91,"column":null}},{"start":{"line":91,"column":0},"end":{"line":91,"column":null}}]},"2":{"loc":{"start":{"line":95,"column":0},"end":{"line":95,"column":null}},"type":"binary-expr","locations":[{"start":{"line":95,"column":0},"end":{"line":95,"column":null}},{"start":{"line":95,"column":0},"end":{"line":95,"column":null}}]},"3":{"loc":{"start":{"line":107,"column":0},"end":{"line":107,"column":null}},"type":"if","locations":[{"start":{"line":107,"column":0},"end":{"line":107,"column":null}},{"start":{"line":107,"column":0},"end":{"line":107,"column":null}}]},"4":{"loc":{"start":{"line":115,"column":0},"end":{"line":118,"column":null}},"type":"if","locations":[{"start":{"line":115,"column":0},"end":{"line":118,"column":null}},{"start":{"line":115,"column":0},"end":{"line":118,"column":null}}]}},"s":{"0":1,"1":2,"2":10,"3":10,"4":20,"5":3,"6":1,"7":1,"8":1,"9":1,"10":0,"11":0,"12":0,"13":1,"14":1},"f":{"0":2,"1":10,"2":10,"3":20,"4":2,"5":2,"6":1,"7":0,"8":1,"9":1},"b":{"0":[10,4],"1":[10,5],"2":[20,8],"3":[1,1],"4":[0,0]}}
,"D:\\Project\\Future Phase 2 Project\\front_end\\src\\views\\Search.vue": {"path":"D:\\Project\\Future Phase 2 Project\\front_end\\src\\views\\Search.vue","statementMap":{"0":{"start":{"line":40,"column":0},"end":{"line":40,"column":null}},"1":{"start":{"line":41,"column":0},"end":{"line":41,"column":null}},"2":{"start":{"line":47,"column":0},"end":{"line":47,"column":null}},"3":{"start":{"line":50,"column":0},"end":{"line":50,"column":null}},"4":{"start":{"line":55,"column":0},"end":{"line":55,"column":null}},"5":{"start":{"line":63,"column":0},"end":{"line":63,"column":null}},"6":{"start":{"line":64,"column":0},"end":{"line":64,"column":null}}},"fnMap":{"0":{"name":"(anonymous_1)","decl":{"start":{"line":46,"column":0},"end":{"line":46,"column":null}},"loc":{"start":{"line":46,"column":0},"end":{"line":48,"column":null}}},"1":{"name":"(anonymous_2)","decl":{"start":{"line":49,"column":0},"end":{"line":49,"column":null}},"loc":{"start":{"line":49,"column":0},"end":{"line":51,"column":null}}},"2":{"name":"(anonymous_3)","decl":{"start":{"line":54,"column":0},"end":{"line":54,"column":null}},"loc":{"start":{"line":54,"column":0},"end":{"line":56,"column":null}}},"3":{"name":"(anonymous_4)","decl":{"start":{"line":62,"column":0},"end":{"line":62,"column":null}},"loc":{"start":{"line":62,"column":0},"end":{"line":65,"column":null}}}},"branchMap":{},"s":{"0":1,"1":1,"2":2,"3":2,"4":0,"5":1,"6":1},"f":{"0":2,"1":2,"2":0,"3":1},"b":{}}
,"D:\\Project\\Future Phase 2 Project\\front_end\\src\\views\\SearchCategory.vue": {"path":"D:\\Project\\Future Phase 2 Project\\front_end\\src\\views\\SearchCategory.vue","statementMap":{"0":{"start":{"line":40,"column":0},"end":{"line":40,"column":null}},"1":{"start":{"line":41,"column":0},"end":{"line":41,"column":null}},"2":{"start":{"line":47,"column":0},"end":{"line":47,"column":null}},"3":{"start":{"line":50,"column":0},"end":{"line":50,"column":null}},"4":{"start":{"line":55,"column":0},"end":{"line":55,"column":null}},"5":{"start":{"line":63,"column":0},"end":{"line":63,"column":null}},"6":{"start":{"line":64,"column":0},"end":{"line":64,"column":null}}},"fnMap":{"0":{"name":"(anonymous_1)","decl":{"start":{"line":46,"column":0},"end":{"line":46,"column":null}},"loc":{"start":{"line":46,"column":0},"end":{"line":48,"column":null}}},"1":{"name":"(anonymous_2)","decl":{"start":{"line":49,"column":0},"end":{"line":49,"column":null}},"loc":{"start":{"line":49,"column":0},"end":{"line":51,"column":null}}},"2":{"name":"(anonymous_3)","decl":{"start":{"line":54,"column":0},"end":{"line":54,"column":null}},"loc":{"start":{"line":54,"column":0},"end":{"line":56,"column":null}}},"3":{"name":"(anonymous_4)","decl":{"start":{"line":62,"column":0},"end":{"line":62,"column":null}},"loc":{"start":{"line":62,"column":0},"end":{"line":65,"column":null}}}},"branchMap":{},"s":{"0":1,"1":1,"2":2,"3":2,"4":0,"5":1,"6":1},"f":{"0":2,"1":2,"2":0,"3":1},"b":{}}
,"D:\\Project\\Future Phase 2 Project\\front_end\\src\\views\\SearchQRCode.vue": {"path":"D:\\Project\\Future Phase 2 Project\\front_end\\src\\views\\SearchQRCode.vue","statementMap":{"0":{"start":{"line":94,"column":0},"end":{"line":94,"column":null}},"1":{"start":{"line":95,"column":0},"end":{"line":95,"column":null}},"2":{"start":{"line":99,"column":0},"end":{"line":99,"column":null}},"3":{"start":{"line":111,"column":0},"end":{"line":111,"column":null}},"4":{"start":{"line":116,"column":0},"end":{"line":116,"column":null}},"5":{"start":{"line":117,"column":0},"end":{"line":117,"column":null}},"6":{"start":{"line":118,"column":0},"end":{"line":125,"column":null}},"7":{"start":{"line":119,"column":0},"end":{"line":121,"column":null}},"8":{"start":{"line":120,"column":0},"end":{"line":120,"column":null}},"9":{"start":{"line":124,"column":0},"end":{"line":124,"column":null}}},"fnMap":{"0":{"name":"(anonymous_1)","decl":{"start":{"line":98,"column":0},"end":{"line":98,"column":null}},"loc":{"start":{"line":98,"column":0},"end":{"line":105,"column":null}}},"1":{"name":"(anonymous_2)","decl":{"start":{"line":110,"column":0},"end":{"line":110,"column":null}},"loc":{"start":{"line":110,"column":0},"end":{"line":112,"column":null}}},"2":{"name":"(anonymous_3)","decl":{"start":{"line":115,"column":0},"end":{"line":115,"column":null}},"loc":{"start":{"line":115,"column":0},"end":{"line":126,"column":null}}},"3":{"name":"(anonymous_4)","decl":{"start":{"line":118,"column":0},"end":{"line":118,"column":null}},"loc":{"start":{"line":118,"column":0},"end":{"line":122,"column":null}}},"4":{"name":"(anonymous_5)","decl":{"start":{"line":122,"column":0},"end":{"line":122,"column":null}},"loc":{"start":{"line":122,"column":0},"end":{"line":125,"column":null}}}},"branchMap":{"0":{"loc":{"start":{"line":119,"column":0},"end":{"line":121,"column":null}},"type":"if","locations":[{"start":{"line":119,"column":0},"end":{"line":121,"column":null}},{"start":{"line":119,"column":0},"end":{"line":121,"column":null}}]}},"s":{"0":1,"1":1,"2":1,"3":2,"4":1,"5":1,"6":1,"7":1,"8":1,"9":1},"f":{"0":1,"1":2,"2":1,"3":1,"4":1},"b":{"0":[1,0]}}
,"D:\\Project\\Future Phase 2 Project\\front_end\\src\\views\\Wishlist.vue": {"path":"D:\\Project\\Future Phase 2 Project\\front_end\\src\\views\\Wishlist.vue","statementMap":{"0":{"start":{"line":147,"column":0},"end":{"line":147,"column":null}},"1":{"start":{"line":148,"column":0},"end":{"line":148,"column":null}},"2":{"start":{"line":154,"column":0},"end":{"line":154,"column":null}},"3":{"start":{"line":164,"column":0},"end":{"line":164,"column":null}},"4":{"start":{"line":181,"column":0},"end":{"line":181,"column":null}},"5":{"start":{"line":182,"column":0},"end":{"line":202,"column":null}},"6":{"start":{"line":184,"column":0},"end":{"line":184,"column":null}},"7":{"start":{"line":185,"column":0},"end":{"line":185,"column":null}},"8":{"start":{"line":193,"column":0},"end":{"line":193,"column":null}},"9":{"start":{"line":201,"column":0},"end":{"line":201,"column":null}},"10":{"start":{"line":205,"column":0},"end":{"line":205,"column":null}},"11":{"start":{"line":206,"column":0},"end":{"line":232,"column":null}},"12":{"start":{"line":207,"column":0},"end":{"line":231,"column":null}},"13":{"start":{"line":209,"column":0},"end":{"line":217,"column":null}},"14":{"start":{"line":210,"column":0},"end":{"line":210,"column":null}},"15":{"start":{"line":211,"column":0},"end":{"line":211,"column":null}},"16":{"start":{"line":220,"column":0},"end":{"line":220,"column":null}},"17":{"start":{"line":228,"column":0},"end":{"line":230,"column":null}},"18":{"start":{"line":229,"column":0},"end":{"line":229,"column":null}},"19":{"start":{"line":249,"column":0},"end":{"line":249,"column":null}},"20":{"start":{"line":250,"column":0},"end":{"line":270,"column":null}},"21":{"start":{"line":252,"column":0},"end":{"line":252,"column":null}},"22":{"start":{"line":253,"column":0},"end":{"line":253,"column":null}},"23":{"start":{"line":261,"column":0},"end":{"line":261,"column":null}},"24":{"start":{"line":269,"column":0},"end":{"line":269,"column":null}},"25":{"start":{"line":273,"column":0},"end":{"line":273,"column":null}},"26":{"start":{"line":274,"column":0},"end":{"line":274,"column":null}},"27":{"start":{"line":275,"column":0},"end":{"line":275,"column":null}},"28":{"start":{"line":278,"column":0},"end":{"line":278,"column":null}},"29":{"start":{"line":279,"column":0},"end":{"line":279,"column":null}},"30":{"start":{"line":280,"column":0},"end":{"line":280,"column":null}},"31":{"start":{"line":283,"column":0},"end":{"line":283,"column":null}},"32":{"start":{"line":286,"column":0},"end":{"line":286,"column":null}},"33":{"start":{"line":291,"column":0},"end":{"line":291,"column":null}},"34":{"start":{"line":295,"column":0},"end":{"line":295,"column":null}}},"fnMap":{"0":{"name":"(anonymous_1)","decl":{"start":{"line":153,"column":0},"end":{"line":153,"column":null}},"loc":{"start":{"line":153,"column":0},"end":{"line":171,"column":null}}},"1":{"name":"(anonymous_2)","decl":{"start":{"line":164,"column":0},"end":{"line":164,"column":null}},"loc":{"start":{"line":164,"column":0},"end":{"line":164,"column":null}}},"2":{"name":"(anonymous_4)","decl":{"start":{"line":180,"column":0},"end":{"line":180,"column":null}},"loc":{"start":{"line":180,"column":0},"end":{"line":203,"column":null}}},"3":{"name":"(anonymous_5)","decl":{"start":{"line":182,"column":0},"end":{"line":182,"column":null}},"loc":{"start":{"line":182,"column":0},"end":{"line":191,"column":null}}},"4":{"name":"(anonymous_6)","decl":{"start":{"line":191,"column":0},"end":{"line":191,"column":null}},"loc":{"start":{"line":191,"column":0},"end":{"line":199,"column":null}}},"5":{"name":"(anonymous_7)","decl":{"start":{"line":199,"column":0},"end":{"line":199,"column":null}},"loc":{"start":{"line":199,"column":0},"end":{"line":202,"column":null}}},"6":{"name":"(anonymous_8)","decl":{"start":{"line":204,"column":0},"end":{"line":204,"column":null}},"loc":{"start":{"line":204,"column":0},"end":{"line":247,"column":null}}},"7":{"name":"(anonymous_9)","decl":{"start":{"line":206,"column":0},"end":{"line":206,"column":null}},"loc":{"start":{"line":206,"column":0},"end":{"line":232,"column":null}}},"8":{"name":"(anonymous_10)","decl":{"start":{"line":207,"column":0},"end":{"line":207,"column":null}},"loc":{"start":{"line":207,"column":0},"end":{"line":218,"column":null}}},"9":{"name":"(anonymous_11)","decl":{"start":{"line":218,"column":0},"end":{"line":218,"column":null}},"loc":{"start":{"line":218,"column":0},"end":{"line":226,"column":null}}},"10":{"name":"(anonymous_12)","decl":{"start":{"line":226,"column":0},"end":{"line":226,"column":null}},"loc":{"start":{"line":226,"column":0},"end":{"line":231,"column":null}}},"11":{"name":"(anonymous_13)","decl":{"start":{"line":248,"column":0},"end":{"line":248,"column":null}},"loc":{"start":{"line":248,"column":0},"end":{"line":271,"column":null}}},"12":{"name":"(anonymous_14)","decl":{"start":{"line":250,"column":0},"end":{"line":250,"column":null}},"loc":{"start":{"line":250,"column":0},"end":{"line":259,"column":null}}},"13":{"name":"(anonymous_15)","decl":{"start":{"line":259,"column":0},"end":{"line":259,"column":null}},"loc":{"start":{"line":259,"column":0},"end":{"line":267,"column":null}}},"14":{"name":"(anonymous_16)","decl":{"start":{"line":267,"column":0},"end":{"line":267,"column":null}},"loc":{"start":{"line":267,"column":0},"end":{"line":270,"column":null}}},"15":{"name":"(anonymous_17)","decl":{"start":{"line":272,"column":0},"end":{"line":272,"column":null}},"loc":{"start":{"line":272,"column":0},"end":{"line":276,"column":null}}},"16":{"name":"(anonymous_18)","decl":{"start":{"line":277,"column":0},"end":{"line":277,"column":null}},"loc":{"start":{"line":277,"column":0},"end":{"line":281,"column":null}}},"17":{"name":"(anonymous_19)","decl":{"start":{"line":282,"column":0},"end":{"line":282,"column":null}},"loc":{"start":{"line":282,"column":0},"end":{"line":284,"column":null}}},"18":{"name":"(anonymous_20)","decl":{"start":{"line":285,"column":0},"end":{"line":285,"column":null}},"loc":{"start":{"line":285,"column":0},"end":{"line":287,"column":null}}},"19":{"name":"(anonymous_21)","decl":{"start":{"line":290,"column":0},"end":{"line":290,"column":null}},"loc":{"start":{"line":290,"column":0},"end":{"line":292,"column":null}}},"20":{"name":"(anonymous_22)","decl":{"start":{"line":294,"column":0},"end":{"line":294,"column":null}},"loc":{"start":{"line":294,"column":0},"end":{"line":296,"column":null}}}},"branchMap":{"0":{"loc":{"start":{"line":164,"column":0},"end":{"line":164,"column":null}},"type":"binary-expr","locations":[{"start":{"line":164,"column":0},"end":{"line":164,"column":null}},{"start":{"line":164,"column":0},"end":{"line":164,"column":null}}]},"1":{"loc":{"start":{"line":164,"column":0},"end":{"line":164,"column":null}},"type":"binary-expr","locations":[{"start":{"line":164,"column":0},"end":{"line":164,"column":null}},{"start":{"line":164,"column":0},"end":{"line":164,"column":null}},{"start":{"line":164,"column":0},"end":{"line":164,"column":null}}]},"2":{"loc":{"start":{"line":209,"column":0},"end":{"line":217,"column":null}},"type":"if","locations":[{"start":{"line":209,"column":0},"end":{"line":217,"column":null}},{"start":{"line":209,"column":0},"end":{"line":217,"column":null}}]},"3":{"loc":{"start":{"line":228,"column":0},"end":{"line":230,"column":null}},"type":"if","locations":[{"start":{"line":228,"column":0},"end":{"line":230,"column":null}},{"start":{"line":228,"column":0},"end":{"line":230,"column":null}}]}},"s":{"0":1,"1":1,"2":4,"3":12,"4":1,"5":1,"6":1,"7":1,"8":0,"9":1,"10":1,"11":1,"12":2,"13":2,"14":1,"15":1,"16":0,"17":2,"18":1,"19":2,"20":2,"21":2,"22":2,"23":0,"24":2,"25":1,"26":1,"27":1,"28":2,"29":2,"30":2,"31":1,"32":2,"33":29,"34":4},"f":{"0":4,"1":12,"2":1,"3":1,"4":0,"5":1,"6":1,"7":2,"8":2,"9":0,"10":2,"11":2,"12":2,"13":0,"14":2,"15":1,"16":2,"17":1,"18":2,"19":29,"20":4},"b":{"0":[6,2],"1":[6,4,2],"2":[1,1],"3":[1,1]}}
}
