TN:
SF:D:\Project\Future Phase 2 Project\front_end\src\App.vue
FN:182,(anonymous_1)
FN:187,(anonymous_2)
FNF:2
FNH:2
FNDA:1,(anonymous_1)
FNDA:1,(anonymous_2)
DA:169,1
DA:183,1
DA:188,1
LF:3
LH:3
BRF:0
BRH:0
end_of_record
TN:
SF:D:\Project\Future Phase 2 Project\front_end\src\mock.js
FNF:0
FNH:0
DA:1,24
DA:2,24
DA:5,24
DA:8,24
DA:190,24
DA:254,24
DA:257,24
DA:281,24
DA:295,24
DA:314,24
DA:332,24
DA:349,24
DA:380,24
DA:381,24
DA:382,24
DA:384,24
DA:403,24
DA:423,24
LF:18
LH:18
BRF:0
BRH:0
end_of_record
TN:
SF:D:\Project\Future Phase 2 Project\front_end\src\assets\img-placeholder.png
FNF:0
FNH:0
DA:1,1
LF:1
LH:1
BRF:0
BRH:0
end_of_record
TN:
SF:D:\Project\Future Phase 2 Project\front_end\src\components\Carousel.vue
FN:30,(anonymous_1)
FN:41,(anonymous_2)
FN:52,(anonymous_3)
FN:64,(anonymous_4)
FNF:4
FNH:4
FNDA:2,(anonymous_1)
FNDA:2,(anonymous_2)
FNDA:2,(anonymous_3)
FNDA:2,(anonymous_4)
DA:31,2
DA:33,1
DA:36,1
DA:39,1
DA:42,2
DA:44,1
DA:47,1
DA:50,1
DA:53,2
DA:55,1
DA:58,1
DA:61,1
DA:65,2
LF:13
LH:13
BRDA:32,0,0,1
BRDA:32,0,1,1
BRDA:43,1,0,1
BRDA:43,1,1,1
BRDA:54,2,0,1
BRDA:54,2,1,1
BRF:6
BRH:6
end_of_record
TN:
SF:D:\Project\Future Phase 2 Project\front_end\src\components\Product.vue
FN:64,(anonymous_1)
FNF:1
FNH:1
FNDA:321,(anonymous_1)
DA:65,321
LF:1
LH:1
BRF:0
BRH:0
end_of_record
TN:
SF:D:\Project\Future Phase 2 Project\front_end\src\components\ProductCarousel.vue
FN:68,(anonymous_1)
FNF:1
FNH:1
FNDA:1,(anonymous_1)
DA:58,2
DA:69,1
LF:2
LH:2
BRF:0
BRH:0
end_of_record
TN:
SF:D:\Project\Future Phase 2 Project\front_end\src\layouts\DashboardAppBar.vue
FN:115,(anonymous_1)
FN:125,(anonymous_2)
FN:126,(anonymous_3)
FN:134,(anonymous_4)
FNF:4
FNH:4
FNDA:1,(anonymous_1)
FNDA:1,(anonymous_2)
FNDA:1,(anonymous_3)
FNDA:1,(anonymous_4)
DA:112,1
DA:116,1
DA:126,1
DA:128,1
DA:129,1
DA:135,1
LF:6
LH:6
BRF:0
BRH:0
end_of_record
TN:
SF:D:\Project\Future Phase 2 Project\front_end\src\layouts\MainAppBar.vue
FN:139,(anonymous_1)
FN:146,(anonymous_2)
FN:149,(anonymous_3)
FN:152,(anonymous_4)
FN:157,(anonymous_5)
FN:158,(anonymous_6)
FN:163,(anonymous_7)
FNF:7
FNH:4
FNDA:1,(anonymous_1)
FNDA:0,(anonymous_2)
FNDA:1,(anonymous_3)
FNDA:0,(anonymous_4)
FNDA:1,(anonymous_5)
FNDA:1,(anonymous_6)
FNDA:0,(anonymous_7)
DA:130,1
DA:140,1
DA:147,0
DA:150,1
DA:153,0
DA:158,1
DA:159,1
DA:160,1
DA:164,0
DA:165,0
LF:10
LH:6
BRDA:164,0,0,0
BRDA:164,0,1,0
BRF:2
BRH:0
end_of_record
TN:
SF:D:\Project\Future Phase 2 Project\front_end\src\store\index.js
FNF:0
FNH:0
DA:20,21
LF:1
LH:1
BRF:0
BRH:0
end_of_record
TN:
SF:D:\Project\Future Phase 2 Project\front_end\src\store\modules\ar.js
FN:12,(anonymous_0)
FN:15,(anonymous_1)
FN:18,(anonymous_2)
FN:23,(anonymous_3)
FN:28,(anonymous_4)
FN:31,(anonymous_5)
FN:33,(anonymous_6)
FN:38,(anonymous_7)
FN:39,(anonymous_8)
FN:44,(anonymous_9)
FN:45,(anonymous_10)
FN:50,(anonymous_11)
FN:51,(anonymous_12)
FN:58,(anonymous_13)
FN:62,(anonymous_14)
FNF:15
FNH:13
FNDA:7,(anonymous_0)
FNDA:1,(anonymous_1)
FNDA:1,(anonymous_2)
FNDA:1,(anonymous_3)
FNDA:10,(anonymous_4)
FNDA:7,(anonymous_5)
FNDA:7,(anonymous_6)
FNDA:1,(anonymous_7)
FNDA:1,(anonymous_8)
FNDA:1,(anonymous_9)
FNDA:1,(anonymous_10)
FNDA:1,(anonymous_11)
FNDA:1,(anonymous_12)
FNDA:0,(anonymous_13)
FNDA:0,(anonymous_14)
DA:4,21
DA:13,7
DA:16,1
DA:19,1
DA:20,1
DA:21,1
DA:24,1
DA:28,10
DA:32,7
DA:34,7
DA:35,7
DA:39,1
DA:40,1
DA:41,1
DA:45,1
DA:46,1
DA:47,1
DA:51,1
DA:52,1
DA:53,1
DA:59,0
DA:63,0
LF:22
LH:20
BRF:0
BRH:0
end_of_record
TN:
SF:D:\Project\Future Phase 2 Project\front_end\src\store\modules\auth.js
FN:13,(anonymous_0)
FN:16,(anonymous_1)
FN:24,(anonymous_2)
FN:27,(anonymous_3)
FN:35,(anonymous_4)
FN:38,(anonymous_5)
FN:42,(anonymous_6)
FN:45,(anonymous_7)
FN:50,(anonymous_8)
FN:51,(anonymous_9)
FN:55,(anonymous_10)
FN:62,(anonymous_11)
FN:74,(anonymous_12)
FN:81,(anonymous_13)
FN:83,(anonymous_14)
FN:88,(anonymous_15)
FN:95,(anonymous_16)
FN:96,(anonymous_17)
FN:98,(anonymous_18)
FN:101,(anonymous_19)
FN:106,(anonymous_20)
FN:111,(anonymous_21)
FN:114,(anonymous_22)
FN:119,(anonymous_23)
FN:126,(anonymous_24)
FN:136,(anonymous_25)
FN:144,(anonymous_26)
FN:148,(anonymous_27)
FN:153,(anonymous_28)
FN:157,(anonymous_29)
FN:159,(anonymous_30)
FN:166,(anonymous_31)
FN:167,(anonymous_32)
FN:168,(anonymous_33)
FN:169,(anonymous_34)
FN:169,(anonymous_35)
FN:200,(anonymous_36)
FNF:37
FNH:10
FNDA:0,(anonymous_0)
FNDA:0,(anonymous_1)
FNDA:0,(anonymous_2)
FNDA:0,(anonymous_3)
FNDA:0,(anonymous_4)
FNDA:3,(anonymous_5)
FNDA:0,(anonymous_6)
FNDA:0,(anonymous_7)
FNDA:0,(anonymous_8)
FNDA:0,(anonymous_9)
FNDA:0,(anonymous_10)
FNDA:0,(anonymous_11)
FNDA:0,(anonymous_12)
FNDA:3,(anonymous_13)
FNDA:3,(anonymous_14)
FNDA:0,(anonymous_15)
FNDA:1,(anonymous_16)
FNDA:1,(anonymous_17)
FNDA:1,(anonymous_18)
FNDA:0,(anonymous_19)
FNDA:1,(anonymous_20)
FNDA:0,(anonymous_21)
FNDA:1,(anonymous_22)
FNDA:0,(anonymous_23)
FNDA:0,(anonymous_24)
FNDA:0,(anonymous_25)
FNDA:0,(anonymous_26)
FNDA:0,(anonymous_27)
FNDA:0,(anonymous_28)
FNDA:0,(anonymous_29)
FNDA:0,(anonymous_30)
FNDA:1,(anonymous_31)
FNDA:0,(anonymous_32)
FNDA:2,(anonymous_33)
FNDA:0,(anonymous_34)
FNDA:0,(anonymous_35)
FNDA:0,(anonymous_36)
DA:14,0
DA:17,0
DA:18,0
DA:19,0
DA:20,0
DA:21,0
DA:22,0
DA:25,0
DA:28,0
DA:29,0
DA:30,0
DA:31,0
DA:32,0
DA:33,0
DA:36,0
DA:39,3
DA:40,3
DA:43,0
DA:46,0
DA:51,0
DA:52,0
DA:53,0
DA:56,0
DA:57,0
DA:59,0
DA:60,0
DA:62,0
DA:63,0
DA:64,0
DA:65,0
DA:66,0
DA:69,0
DA:70,0
DA:71,0
DA:75,0
DA:76,0
DA:77,0
DA:83,3
DA:84,3
DA:85,3
DA:86,3
DA:87,3
DA:89,0
DA:90,0
DA:91,0
DA:92,0
DA:96,1
DA:97,1
DA:99,1
DA:102,0
DA:103,0
DA:104,0
DA:112,0
DA:115,1
DA:116,0
DA:117,0
DA:120,0
DA:121,0
DA:123,0
DA:124,0
DA:126,0
DA:127,0
DA:128,0
DA:129,0
DA:132,0
DA:134,0
DA:137,0
DA:138,0
DA:141,1
DA:145,0
DA:146,0
DA:148,0
DA:149,0
DA:150,0
DA:154,0
DA:158,0
DA:160,0
DA:161,0
DA:166,1
DA:167,0
DA:168,2
DA:169,0
DA:170,0
DA:171,0
DA:172,0
DA:173,0
DA:174,0
DA:175,0
DA:176,0
DA:177,0
DA:179,0
DA:180,0
DA:182,0
DA:183,0
DA:185,0
DA:186,0
DA:188,0
DA:189,0
DA:191,0
DA:195,0
DA:198,0
DA:200,0
LF:102
LH:14
BRDA:8,0,0,21
BRDA:8,0,1,21
BRDA:56,1,0,0
BRDA:56,1,1,0
BRDA:115,2,0,0
BRDA:115,2,1,1
BRDA:120,3,0,0
BRDA:120,3,1,0
BRDA:170,4,0,0
BRDA:170,4,1,0
BRDA:172,5,0,0
BRDA:172,5,1,0
BRDA:172,6,0,0
BRDA:172,6,1,0
BRDA:177,7,0,0
BRDA:177,7,1,0
BRDA:177,7,2,0
BRDA:177,7,3,0
BRDA:177,7,4,0
BRDA:179,8,0,0
BRDA:179,8,1,0
BRDA:182,9,0,0
BRDA:182,9,1,0
BRDA:185,10,0,0
BRDA:185,10,1,0
BRDA:188,11,0,0
BRDA:188,11,1,0
BRF:27
BRH:3
end_of_record
TN:
SF:D:\Project\Future Phase 2 Project\front_end\src\store\modules\cart.js
FN:13,(anonymous_0)
FN:16,(anonymous_1)
FN:21,(anonymous_2)
FN:24,(anonymous_3)
FN:26,(anonymous_4)
FN:30,(anonymous_5)
FN:32,(anonymous_6)
FN:37,(anonymous_7)
FN:39,(anonymous_8)
FN:43,(anonymous_9)
FN:50,(anonymous_10)
FN:53,(anonymous_11)
FN:55,(anonymous_12)
FNF:13
FNH:12
FNDA:11,(anonymous_0)
FNDA:1,(anonymous_1)
FNDA:8,(anonymous_2)
FNDA:5,(anonymous_3)
FNDA:5,(anonymous_4)
FNDA:1,(anonymous_5)
FNDA:1,(anonymous_6)
FNDA:1,(anonymous_7)
FNDA:1,(anonymous_8)
FNDA:1,(anonymous_9)
FNDA:0,(anonymous_10)
FNDA:5,(anonymous_11)
FNDA:5,(anonymous_12)
DA:5,21
DA:14,11
DA:17,1
DA:21,8
DA:25,5
DA:27,5
DA:31,1
DA:33,1
DA:34,1
DA:38,1
DA:40,1
DA:44,1
DA:51,0
DA:54,5
DA:56,5
LF:15
LH:14
BRF:0
BRH:0
end_of_record
TN:
SF:D:\Project\Future Phase 2 Project\front_end\src\store\modules\categories.js
FN:12,(anonymous_0)
FN:15,(anonymous_1)
FN:18,(anonymous_2)
FN:21,(anonymous_3)
FN:26,(anonymous_4)
FN:29,(anonymous_5)
FN:31,(anonymous_6)
FN:35,(anonymous_7)
FN:37,(anonymous_8)
FN:41,(anonymous_9)
FN:43,(anonymous_10)
FN:47,(anonymous_11)
FN:49,(anonymous_12)
FNF:13
FNH:10
FNDA:10,(anonymous_0)
FNDA:1,(anonymous_1)
FNDA:1,(anonymous_2)
FNDA:0,(anonymous_3)
FNDA:9,(anonymous_4)
FNDA:10,(anonymous_5)
FNDA:10,(anonymous_6)
FNDA:0,(anonymous_7)
FNDA:0,(anonymous_8)
FNDA:1,(anonymous_9)
FNDA:1,(anonymous_10)
FNDA:1,(anonymous_11)
FNDA:1,(anonymous_12)
DA:4,21
DA:13,10
DA:16,1
DA:19,1
DA:22,0
DA:26,9
DA:30,10
DA:32,10
DA:36,0
DA:38,0
DA:42,1
DA:44,1
DA:48,1
DA:50,1
LF:14
LH:11
BRF:0
BRH:0
end_of_record
TN:
SF:D:\Project\Future Phase 2 Project\front_end\src\store\modules\layout.js
FN:14,(anonymous_0)
FNF:1
FNH:0
FNDA:0,(anonymous_0)
DA:15,0
DA:16,0
LF:2
LH:0
BRF:0
BRH:0
end_of_record
TN:
SF:D:\Project\Future Phase 2 Project\front_end\src\store\modules\map.js
FN:18,(anonymous_0)
FNF:1
FNH:0
FNDA:0,(anonymous_0)
DA:19,0
LF:1
LH:0
BRF:0
BRH:0
end_of_record
TN:
SF:D:\Project\Future Phase 2 Project\front_end\src\store\modules\order-list.js
FN:12,(anonymous_0)
FN:17,(anonymous_1)
FN:20,(anonymous_2)
FN:22,(anonymous_3)
FNF:4
FNH:4
FNDA:4,(anonymous_0)
FNDA:5,(anonymous_1)
FNDA:4,(anonymous_2)
FNDA:4,(anonymous_3)
DA:4,21
DA:13,4
DA:17,5
DA:21,4
DA:23,4
DA:24,4
LF:6
LH:6
BRF:0
BRH:0
end_of_record
TN:
SF:D:\Project\Future Phase 2 Project\front_end\src\store\modules\payment.js
FN:11,(anonymous_0)
FN:16,(anonymous_1)
FN:19,(anonymous_2)
FN:20,(anonymous_3)
FNF:4
FNH:0
FNDA:0,(anonymous_0)
FNDA:0,(anonymous_1)
FNDA:0,(anonymous_2)
FNDA:0,(anonymous_3)
DA:4,21
DA:12,0
DA:16,0
DA:20,0
DA:21,0
LF:5
LH:1
BRF:0
BRH:0
end_of_record
TN:
SF:D:\Project\Future Phase 2 Project\front_end\src\store\modules\procurements.js
FN:13,(anonymous_0)
FN:17,(anonymous_1)
FN:20,(anonymous_2)
FN:23,(anonymous_3)
FN:28,(anonymous_4)
FN:29,(anonymous_5)
FN:32,(anonymous_6)
FN:33,(anonymous_7)
FN:37,(anonymous_8)
FN:39,(anonymous_9)
FN:43,(anonymous_10)
FN:45,(anonymous_11)
FN:49,(anonymous_12)
FN:51,(anonymous_13)
FN:55,(anonymous_14)
FN:57,(anonymous_15)
FNF:16
FNH:8
FNDA:3,(anonymous_0)
FNDA:1,(anonymous_1)
FNDA:0,(anonymous_2)
FNDA:0,(anonymous_3)
FNDA:4,(anonymous_4)
FNDA:3,(anonymous_5)
FNDA:3,(anonymous_6)
FNDA:3,(anonymous_7)
FNDA:0,(anonymous_8)
FNDA:0,(anonymous_9)
FNDA:0,(anonymous_10)
FNDA:0,(anonymous_11)
FNDA:1,(anonymous_12)
FNDA:1,(anonymous_13)
FNDA:0,(anonymous_14)
FNDA:0,(anonymous_15)
DA:4,21
DA:14,3
DA:15,3
DA:18,1
DA:21,0
DA:24,0
DA:28,4
DA:29,3
DA:33,3
DA:34,3
DA:38,0
DA:40,0
DA:44,0
DA:46,0
DA:50,1
DA:52,1
DA:56,0
DA:58,0
LF:18
LH:10
BRF:0
BRH:0
end_of_record
TN:
SF:D:\Project\Future Phase 2 Project\front_end\src\store\modules\products.js
FN:17,(anonymous_0)
FN:21,(anonymous_1)
FN:24,(anonymous_2)
FN:27,(anonymous_3)
FN:30,(anonymous_4)
FN:33,(anonymous_5)
FN:36,(anonymous_6)
FN:40,(anonymous_7)
FN:43,(anonymous_8)
FN:48,(anonymous_9)
FN:53,(anonymous_10)
FN:54,(anonymous_11)
FN:55,(anonymous_12)
FN:56,(anonymous_13)
FN:57,(anonymous_14)
FN:58,(anonymous_15)
FN:59,(anonymous_16)
FN:62,(anonymous_17)
FN:63,(anonymous_18)
FN:68,(anonymous_19)
FN:69,(anonymous_20)
FN:74,(anonymous_21)
FN:75,(anonymous_22)
FN:80,(anonymous_23)
FN:81,(anonymous_24)
FN:86,(anonymous_25)
FN:87,(anonymous_26)
FN:95,(anonymous_27)
FN:96,(anonymous_28)
FN:101,(anonymous_29)
FN:102,(anonymous_30)
FN:107,(anonymous_31)
FN:108,(anonymous_32)
FN:113,(anonymous_33)
FN:114,(anonymous_34)
FN:119,(anonymous_35)
FN:123,(anonymous_36)
FN:128,(anonymous_37)
FN:134,(anonymous_38)
FN:139,(anonymous_39)
FN:140,(anonymous_40)
FN:145,(anonymous_41)
FN:149,(anonymous_42)
FN:154,(anonymous_43)
FN:158,(anonymous_44)
FNF:45
FNH:26
FNDA:5,(anonymous_0)
FNDA:13,(anonymous_1)
FNDA:12,(anonymous_2)
FNDA:0,(anonymous_3)
FNDA:1,(anonymous_4)
FNDA:1,(anonymous_5)
FNDA:0,(anonymous_6)
FNDA:0,(anonymous_7)
FNDA:0,(anonymous_8)
FNDA:0,(anonymous_9)
FNDA:9,(anonymous_10)
FNDA:2,(anonymous_11)
FNDA:16,(anonymous_12)
FNDA:2,(anonymous_13)
FNDA:14,(anonymous_14)
FNDA:0,(anonymous_15)
FNDA:0,(anonymous_16)
FNDA:0,(anonymous_17)
FNDA:0,(anonymous_18)
FNDA:1,(anonymous_19)
FNDA:1,(anonymous_20)
FNDA:1,(anonymous_21)
FNDA:1,(anonymous_22)
FNDA:3,(anonymous_23)
FNDA:3,(anonymous_24)
FNDA:12,(anonymous_25)
FNDA:12,(anonymous_26)
FNDA:2,(anonymous_27)
FNDA:2,(anonymous_28)
FNDA:11,(anonymous_29)
FNDA:11,(anonymous_30)
FNDA:1,(anonymous_31)
FNDA:1,(anonymous_32)
FNDA:1,(anonymous_33)
FNDA:1,(anonymous_34)
FNDA:0,(anonymous_35)
FNDA:0,(anonymous_36)
FNDA:0,(anonymous_37)
FNDA:0,(anonymous_38)
FNDA:0,(anonymous_39)
FNDA:0,(anonymous_40)
FNDA:0,(anonymous_41)
FNDA:0,(anonymous_42)
FNDA:0,(anonymous_43)
FNDA:0,(anonymous_44)
DA:18,5
DA:19,5
DA:22,13
DA:25,12
DA:28,0
DA:31,1
DA:34,1
DA:37,0
DA:38,0
DA:41,0
DA:44,0
DA:45,0
DA:46,0
DA:49,0
DA:53,9
DA:54,2
DA:55,16
DA:56,2
DA:57,14
DA:58,0
DA:59,0
DA:63,0
DA:64,0
DA:65,0
DA:69,1
DA:70,1
DA:71,1
DA:75,1
DA:76,1
DA:77,1
DA:81,3
DA:82,3
DA:83,3
DA:87,12
DA:88,12
DA:89,0
DA:91,12
DA:92,12
DA:96,2
DA:97,2
DA:98,2
DA:102,11
DA:103,11
DA:104,11
DA:108,1
DA:109,1
DA:110,1
DA:114,1
DA:115,1
DA:116,1
DA:120,0
DA:121,0
DA:122,0
DA:123,0
DA:124,0
DA:125,0
DA:129,0
DA:130,0
DA:131,0
DA:132,0
DA:133,0
DA:134,0
DA:135,0
DA:136,0
DA:140,0
DA:141,0
DA:142,0
DA:146,0
DA:147,0
DA:149,0
DA:150,0
DA:151,0
DA:155,0
DA:159,0
DA:160,0
LF:75
LH:36
BRDA:88,0,0,0
BRDA:88,0,1,12
BRF:2
BRH:1
end_of_record
TN:
SF:D:\Project\Future Phase 2 Project\front_end\src\store\modules\retails.js
FN:13,(anonymous_0)
FN:17,(anonymous_1)
FN:20,(anonymous_2)
FN:23,(anonymous_3)
FN:28,(anonymous_4)
FN:29,(anonymous_5)
FN:32,(anonymous_6)
FN:33,(anonymous_7)
FN:38,(anonymous_8)
FN:40,(anonymous_9)
FN:45,(anonymous_10)
FN:47,(anonymous_11)
FN:52,(anonymous_12)
FN:54,(anonymous_13)
FN:59,(anonymous_14)
FN:61,(anonymous_15)
FNF:16
FNH:0
FNDA:0,(anonymous_0)
FNDA:0,(anonymous_1)
FNDA:0,(anonymous_2)
FNDA:0,(anonymous_3)
FNDA:0,(anonymous_4)
FNDA:0,(anonymous_5)
FNDA:0,(anonymous_6)
FNDA:0,(anonymous_7)
FNDA:0,(anonymous_8)
FNDA:0,(anonymous_9)
FNDA:0,(anonymous_10)
FNDA:0,(anonymous_11)
FNDA:0,(anonymous_12)
FNDA:0,(anonymous_13)
FNDA:0,(anonymous_14)
FNDA:0,(anonymous_15)
DA:4,21
DA:14,0
DA:15,0
DA:18,0
DA:21,0
DA:24,0
DA:28,0
DA:29,0
DA:33,0
DA:34,0
DA:35,0
DA:39,0
DA:41,0
DA:42,0
DA:46,0
DA:48,0
DA:49,0
DA:53,0
DA:55,0
DA:56,0
DA:60,0
DA:62,0
DA:63,0
LF:23
LH:1
BRF:0
BRH:0
end_of_record
TN:
SF:D:\Project\Future Phase 2 Project\front_end\src\store\modules\reviews.js
FN:10,(anonymous_0)
FN:15,(anonymous_1)
FN:18,(anonymous_2)
FN:19,(anonymous_3)
FNF:4
FNH:0
FNDA:0,(anonymous_0)
FNDA:0,(anonymous_1)
FNDA:0,(anonymous_2)
FNDA:0,(anonymous_3)
DA:11,0
DA:15,0
DA:19,0
DA:20,0
LF:4
LH:0
BRF:0
BRH:0
end_of_record
TN:
SF:D:\Project\Future Phase 2 Project\front_end\src\store\modules\suppliers.js
FN:13,(anonymous_0)
FN:17,(anonymous_1)
FN:20,(anonymous_2)
FN:23,(anonymous_3)
FN:28,(anonymous_4)
FN:29,(anonymous_5)
FN:32,(anonymous_6)
FN:33,(anonymous_7)
FN:38,(anonymous_8)
FN:40,(anonymous_9)
FN:45,(anonymous_10)
FN:47,(anonymous_11)
FN:52,(anonymous_12)
FN:54,(anonymous_13)
FN:59,(anonymous_14)
FN:61,(anonymous_15)
FNF:16
FNH:16
FNDA:10,(anonymous_0)
FNDA:1,(anonymous_1)
FNDA:1,(anonymous_2)
FNDA:1,(anonymous_3)
FNDA:13,(anonymous_4)
FNDA:8,(anonymous_5)
FNDA:8,(anonymous_6)
FNDA:8,(anonymous_7)
FNDA:2,(anonymous_8)
FNDA:2,(anonymous_9)
FNDA:1,(anonymous_10)
FNDA:1,(anonymous_11)
FNDA:1,(anonymous_12)
FNDA:1,(anonymous_13)
FNDA:1,(anonymous_14)
FNDA:1,(anonymous_15)
DA:4,21
DA:14,10
DA:15,10
DA:18,1
DA:21,1
DA:24,1
DA:28,13
DA:29,8
DA:33,8
DA:34,8
DA:35,8
DA:39,2
DA:41,2
DA:42,2
DA:46,1
DA:48,1
DA:49,1
DA:53,1
DA:55,1
DA:56,1
DA:60,1
DA:62,1
DA:63,1
LF:23
LH:23
BRF:0
BRH:0
end_of_record
TN:
SF:D:\Project\Future Phase 2 Project\front_end\src\store\modules\transaction.js
FN:12,(anonymous_0)
FN:15,(anonymous_1)
FN:20,(anonymous_2)
FN:21,(anonymous_3)
FN:24,(anonymous_4)
FN:25,(anonymous_5)
FN:30,(anonymous_6)
FN:31,(anonymous_7)
FN:36,(anonymous_8)
FN:38,(anonymous_9)
FN:47,(anonymous_10)
FNF:11
FNH:7
FNDA:2,(anonymous_0)
FNDA:0,(anonymous_1)
FNDA:3,(anonymous_2)
FNDA:0,(anonymous_3)
FNDA:2,(anonymous_4)
FNDA:2,(anonymous_5)
FNDA:0,(anonymous_6)
FNDA:0,(anonymous_7)
FNDA:1,(anonymous_8)
FNDA:2,(anonymous_9)
FNDA:1,(anonymous_10)
DA:13,2
DA:16,0
DA:20,3
DA:21,0
DA:25,2
DA:26,2
DA:27,2
DA:31,0
DA:32,0
DA:33,0
DA:37,1
DA:38,1
DA:39,2
DA:45,1
DA:48,1
LF:15
LH:10
BRDA:41,0,0,2
BRDA:41,0,1,0
BRF:2
BRH:1
end_of_record
TN:
SF:D:\Project\Future Phase 2 Project\front_end\src\store\modules\users.js
FN:13,(anonymous_0)
FN:17,(anonymous_1)
FN:20,(anonymous_2)
FN:23,(anonymous_3)
FN:28,(anonymous_4)
FN:29,(anonymous_5)
FN:32,(anonymous_6)
FN:33,(anonymous_7)
FN:38,(anonymous_8)
FN:40,(anonymous_9)
FN:45,(anonymous_10)
FN:47,(anonymous_11)
FN:52,(anonymous_12)
FN:54,(anonymous_13)
FN:59,(anonymous_14)
FN:61,(anonymous_15)
FNF:16
FNH:9
FNDA:7,(anonymous_0)
FNDA:0,(anonymous_1)
FNDA:1,(anonymous_2)
FNDA:0,(anonymous_3)
FNDA:6,(anonymous_4)
FNDA:6,(anonymous_5)
FNDA:7,(anonymous_6)
FNDA:7,(anonymous_7)
FNDA:0,(anonymous_8)
FNDA:0,(anonymous_9)
FNDA:1,(anonymous_10)
FNDA:1,(anonymous_11)
FNDA:1,(anonymous_12)
FNDA:0,(anonymous_13)
FNDA:0,(anonymous_14)
FNDA:0,(anonymous_15)
DA:4,21
DA:14,7
DA:15,7
DA:18,0
DA:21,1
DA:24,0
DA:28,6
DA:29,6
DA:33,7
DA:34,7
DA:35,7
DA:39,0
DA:41,0
DA:42,0
DA:46,1
DA:48,1
DA:49,1
DA:53,1
DA:55,0
DA:56,0
DA:60,0
DA:62,0
DA:63,0
LF:23
LH:13
BRF:0
BRH:0
end_of_record
TN:
SF:D:\Project\Future Phase 2 Project\front_end\src\store\modules\wishlist.js
FN:12,(anonymous_0)
FN:15,(anonymous_1)
FN:20,(anonymous_2)
FN:23,(anonymous_3)
FN:25,(anonymous_4)
FN:30,(anonymous_5)
FN:32,(anonymous_6)
FN:37,(anonymous_7)
FN:39,(anonymous_8)
FN:44,(anonymous_9)
FN:46,(anonymous_10)
FNF:11
FNH:9
FNDA:10,(anonymous_0)
FNDA:3,(anonymous_1)
FNDA:13,(anonymous_2)
FNDA:9,(anonymous_3)
FNDA:9,(anonymous_4)
FNDA:0,(anonymous_5)
FNDA:0,(anonymous_6)
FNDA:3,(anonymous_7)
FNDA:3,(anonymous_8)
FNDA:1,(anonymous_9)
FNDA:1,(anonymous_10)
DA:4,21
DA:13,10
DA:16,3
DA:20,13
DA:24,9
DA:26,9
DA:27,9
DA:31,0
DA:33,0
DA:34,0
DA:38,3
DA:40,3
DA:41,3
DA:45,1
DA:47,1
DA:48,1
LF:16
LH:13
BRF:0
BRH:0
end_of_record
TN:
SF:D:\Project\Future Phase 2 Project\front_end\src\views\AdminCategory.vue
FN:163,(anonymous_1)
FN:170,(anonymous_2)
FN:201,(anonymous_3)
FN:206,(anonymous_4)
FN:211,(anonymous_5)
FN:216,(anonymous_6)
FN:217,(anonymous_7)
FN:230,(anonymous_8)
FN:236,(anonymous_9)
FN:240,(anonymous_10)
FN:248,(anonymous_11)
FN:261,(anonymous_12)
FN:266,(anonymous_13)
FN:274,(anonymous_14)
FN:287,(anonymous_15)
FN:294,(anonymous_16)
FN:299,(anonymous_17)
FN:303,(anonymous_18)
FNF:18
FNH:17
FNDA:5,(anonymous_1)
FNDA:5,(anonymous_2)
FNDA:8,(anonymous_3)
FNDA:22,(anonymous_4)
FNDA:5,(anonymous_5)
FNDA:1,(anonymous_6)
FNDA:2,(anonymous_7)
FNDA:2,(anonymous_8)
FNDA:4,(anonymous_9)
FNDA:1,(anonymous_10)
FNDA:1,(anonymous_11)
FNDA:2,(anonymous_12)
FNDA:1,(anonymous_13)
FNDA:1,(anonymous_14)
FNDA:2,(anonymous_15)
FNDA:2,(anonymous_16)
FNDA:0,(anonymous_17)
FNDA:5,(anonymous_18)
DA:157,1
DA:164,5
DA:170,5
DA:202,8
DA:207,22
DA:212,5
DA:216,2
DA:218,2
DA:219,2
DA:220,2
DA:222,2
DA:223,2
DA:224,2
DA:225,2
DA:227,2
DA:228,2
DA:231,2
DA:232,2
DA:233,2
DA:234,2
DA:237,4
DA:238,4
DA:239,4
DA:240,2
DA:241,1
DA:247,1
DA:250,1
DA:251,1
DA:252,1
DA:254,1
DA:260,1
DA:263,2
DA:266,2
DA:267,1
DA:268,1
DA:276,1
DA:277,1
DA:278,1
DA:280,1
DA:286,1
DA:289,2
DA:295,2
DA:296,2
DA:297,2
DA:300,0
DA:304,5
DA:305,1
LF:47
LH:46
BRDA:170,0,0,5
BRDA:170,0,1,3
BRDA:219,1,0,2
BRDA:219,1,1,0
BRDA:238,2,0,4
BRDA:238,2,1,0
BRDA:239,3,0,2
BRDA:239,3,1,2
BRDA:250,4,0,1
BRDA:250,4,1,0
BRDA:250,5,0,1
BRDA:250,5,1,1
BRDA:276,6,0,1
BRDA:276,6,1,0
BRDA:276,7,0,1
BRDA:276,7,1,1
BRDA:304,8,0,1
BRDA:304,8,1,4
BRF:18
BRH:14
end_of_record
TN:
SF:D:\Project\Future Phase 2 Project\front_end\src\views\AdminMark.vue
FN:323,(anonymous_1)
FN:332,(anonymous_2)
FN:333,(anonymous_3)
FN:334,(anonymous_4)
FN:335,(anonymous_5)
FN:383,(anonymous_6)
FN:386,(anonymous_7)
FN:393,(anonymous_8)
FN:396,(anonymous_9)
FN:402,(anonymous_10)
FN:410,(anonymous_11)
FN:411,(anonymous_12)
FN:425,(anonymous_13)
FN:428,(anonymous_14)
FN:437,(anonymous_15)
FN:444,(anonymous_16)
FN:449,(anonymous_17)
FN:456,(anonymous_18)
FN:461,(anonymous_19)
FN:466,(anonymous_20)
FN:476,(anonymous_21)
FN:489,(anonymous_22)
FN:493,(anonymous_23)
FN:504,(anonymous_24)
FN:516,(anonymous_25)
FN:522,(anonymous_26)
FN:526,(anonymous_27)
FNF:27
FNH:26
FNDA:7,(anonymous_1)
FNDA:5,(anonymous_2)
FNDA:5,(anonymous_3)
FNDA:4,(anonymous_4)
FNDA:4,(anonymous_5)
FNDA:4,(anonymous_6)
FNDA:43,(anonymous_7)
FNDA:7,(anonymous_8)
FNDA:1,(anonymous_9)
FNDA:1,(anonymous_10)
FNDA:1,(anonymous_11)
FNDA:3,(anonymous_12)
FNDA:2,(anonymous_13)
FNDA:1,(anonymous_14)
FNDA:1,(anonymous_15)
FNDA:2,(anonymous_16)
FNDA:2,(anonymous_17)
FNDA:2,(anonymous_18)
FNDA:4,(anonymous_19)
FNDA:1,(anonymous_20)
FNDA:1,(anonymous_21)
FNDA:2,(anonymous_22)
FNDA:1,(anonymous_23)
FNDA:1,(anonymous_24)
FNDA:2,(anonymous_25)
FNDA:0,(anonymous_26)
FNDA:7,(anonymous_27)
DA:317,1
DA:324,7
DA:332,5
DA:333,5
DA:334,4
DA:335,4
DA:384,4
DA:387,43
DA:394,7
DA:397,1
DA:398,1
DA:399,1
DA:400,1
DA:403,1
DA:404,1
DA:405,1
DA:406,1
DA:410,2
DA:412,3
DA:413,3
DA:414,2
DA:416,3
DA:417,3
DA:418,3
DA:419,3
DA:420,3
DA:421,3
DA:423,3
DA:426,2
DA:427,2
DA:428,2
DA:430,1
DA:436,1
DA:438,1
DA:446,2
DA:450,2
DA:451,2
DA:452,2
DA:454,2
DA:457,2
DA:458,2
DA:459,2
DA:462,4
DA:463,4
DA:465,4
DA:466,2
DA:467,1
DA:468,1
DA:474,1
DA:478,1
DA:479,1
DA:480,1
DA:482,1
DA:488,1
DA:490,2
DA:493,2
DA:495,1
DA:496,1
DA:502,1
DA:506,1
DA:507,1
DA:508,1
DA:510,1
DA:517,2
DA:523,0
DA:527,7
LF:66
LH:65
BRDA:332,0,0,5
BRDA:332,0,1,3
BRDA:333,1,0,5
BRDA:333,1,1,3
BRDA:334,2,0,4
BRDA:334,2,1,4
BRDA:335,3,0,4
BRDA:335,3,1,4
BRDA:387,4,0,43
BRDA:387,4,1,0
BRDA:413,5,0,2
BRDA:413,5,1,1
BRDA:462,6,0,4
BRDA:462,6,1,0
BRDA:465,7,0,2
BRDA:465,7,1,2
BRDA:467,8,0,1
BRDA:467,8,1,0
BRDA:479,9,0,1
BRDA:479,9,1,0
BRDA:495,10,0,1
BRDA:495,10,1,0
BRDA:507,11,0,1
BRDA:507,11,1,0
BRF:24
BRH:18
end_of_record
TN:
SF:D:\Project\Future Phase 2 Project\front_end\src\views\AdminProcurement.vue
FN:260,(anonymous_1)
FN:269,(anonymous_2)
FN:270,(anonymous_3)
FN:271,(anonymous_4)
FN:324,(anonymous_5)
FN:329,(anonymous_6)
FN:332,(anonymous_7)
FN:335,(anonymous_8)
FN:338,(anonymous_9)
FN:343,(anonymous_10)
FN:348,(anonymous_11)
FN:357,(anonymous_12)
FN:363,(anonymous_13)
FN:370,(anonymous_14)
FN:377,(anonymous_15)
FN:382,(anonymous_16)
FN:385,(anonymous_17)
FN:393,(anonymous_18)
FN:405,(anonymous_19)
FN:411,(anonymous_20)
FN:416,(anonymous_21)
FN:420,(anonymous_22)
FN:421,(anonymous_23)
FN:424,(anonymous_24)
FNF:24
FNH:21
FNDA:2,(anonymous_1)
FNDA:1,(anonymous_2)
FNDA:1,(anonymous_3)
FNDA:1,(anonymous_4)
FNDA:2,(anonymous_5)
FNDA:4,(anonymous_6)
FNDA:5,(anonymous_7)
FNDA:5,(anonymous_8)
FNDA:2,(anonymous_9)
FNDA:5,(anonymous_10)
FNDA:2,(anonymous_11)
FNDA:1,(anonymous_12)
FNDA:1,(anonymous_13)
FNDA:1,(anonymous_14)
FNDA:0,(anonymous_15)
FNDA:1,(anonymous_16)
FNDA:1,(anonymous_17)
FNDA:0,(anonymous_18)
FNDA:1,(anonymous_19)
FNDA:1,(anonymous_20)
FNDA:0,(anonymous_21)
FNDA:2,(anonymous_22)
FNDA:2,(anonymous_23)
FNDA:2,(anonymous_24)
DA:254,1
DA:261,2
DA:269,1
DA:270,1
DA:271,1
DA:325,2
DA:330,4
DA:333,5
DA:336,5
DA:339,2
DA:344,5
DA:349,2
DA:358,1
DA:359,1
DA:360,1
DA:361,1
DA:364,1
DA:365,1
DA:366,1
DA:367,1
DA:371,1
DA:372,1
DA:373,1
DA:375,1
DA:376,1
DA:377,1
DA:378,0
DA:383,1
DA:384,1
DA:385,1
DA:386,1
DA:387,1
DA:395,0
DA:396,0
DA:397,0
DA:399,0
DA:407,1
DA:412,1
DA:413,1
DA:414,1
DA:417,0
DA:421,2
DA:422,2
DA:424,2
DA:425,2
DA:427,2
DA:428,1
LF:47
LH:41
BRDA:269,0,0,1
BRDA:269,0,1,1
BRDA:270,1,0,1
BRDA:270,1,1,1
BRDA:271,2,0,1
BRDA:271,2,1,1
BRDA:339,3,0,2
BRDA:339,3,1,0
BRDA:372,4,0,1
BRDA:372,4,1,0
BRDA:384,5,0,1
BRDA:384,5,1,0
BRDA:396,6,0,0
BRDA:396,6,1,0
BRDA:427,7,0,1
BRDA:427,7,1,1
BRF:16
BRH:11
end_of_record
TN:
SF:D:\Project\Future Phase 2 Project\front_end\src\views\AdminSupplier.vue
FN:300,(anonymous_1)
FN:307,(anonymous_2)
FN:308,(anonymous_3)
FN:309,(anonymous_5)
FN:363,(anonymous_6)
FN:368,(anonymous_7)
FN:371,(anonymous_8)
FN:374,(anonymous_9)
FN:379,(anonymous_10)
FN:384,(anonymous_11)
FN:389,(anonymous_12)
FN:390,(anonymous_13)
FN:396,(anonymous_14)
FN:402,(anonymous_15)
FN:412,(anonymous_16)
FN:416,(anonymous_17)
FN:422,(anonymous_18)
FN:426,(anonymous_19)
FN:436,(anonymous_20)
FN:449,(anonymous_21)
FN:454,(anonymous_22)
FN:462,(anonymous_23)
FN:475,(anonymous_24)
FN:482,(anonymous_25)
FN:485,(anonymous_26)
FN:493,(anonymous_27)
FN:500,(anonymous_28)
FN:504,(anonymous_29)
FN:509,(anonymous_30)
FN:514,(anonymous_31)
FN:518,(anonymous_32)
FNF:31
FNH:28
FNDA:7,(anonymous_1)
FNDA:4,(anonymous_2)
FNDA:8,(anonymous_3)
FNDA:4,(anonymous_5)
FNDA:7,(anonymous_6)
FNDA:4,(anonymous_7)
FNDA:0,(anonymous_8)
FNDA:43,(anonymous_9)
FNDA:35,(anonymous_10)
FNDA:7,(anonymous_11)
FNDA:1,(anonymous_12)
FNDA:1,(anonymous_13)
FNDA:1,(anonymous_14)
FNDA:3,(anonymous_15)
FNDA:0,(anonymous_16)
FNDA:2,(anonymous_17)
FNDA:4,(anonymous_18)
FNDA:1,(anonymous_19)
FNDA:1,(anonymous_20)
FNDA:2,(anonymous_21)
FNDA:1,(anonymous_22)
FNDA:1,(anonymous_23)
FNDA:2,(anonymous_24)
FNDA:2,(anonymous_25)
FNDA:1,(anonymous_26)
FNDA:1,(anonymous_27)
FNDA:2,(anonymous_28)
FNDA:2,(anonymous_29)
FNDA:2,(anonymous_30)
FNDA:0,(anonymous_31)
FNDA:7,(anonymous_32)
DA:294,1
DA:301,7
DA:307,4
DA:308,8
DA:309,4
DA:364,7
DA:369,4
DA:372,0
DA:375,43
DA:380,35
DA:385,7
DA:389,2
DA:391,1
DA:392,1
DA:393,1
DA:394,1
DA:397,1
DA:398,1
DA:399,1
DA:400,1
DA:403,3
DA:404,3
DA:405,2
DA:407,3
DA:408,3
DA:409,3
DA:410,3
DA:411,3
DA:412,3
DA:413,0
DA:417,2
DA:418,2
DA:419,2
DA:420,2
DA:423,4
DA:424,4
DA:425,4
DA:426,2
DA:427,1
DA:428,1
DA:434,1
DA:438,1
DA:439,1
DA:440,1
DA:442,1
DA:448,1
DA:451,2
DA:454,2
DA:455,1
DA:456,1
DA:464,1
DA:465,1
DA:466,1
DA:468,1
DA:474,1
DA:477,2
DA:483,2
DA:484,2
DA:485,2
DA:486,1
DA:492,1
DA:494,1
DA:501,2
DA:505,2
DA:506,2
DA:507,2
DA:510,2
DA:511,2
DA:512,2
DA:515,0
DA:519,7
DA:520,1
LF:72
LH:69
BRDA:307,0,0,4
BRDA:307,0,1,4
BRDA:308,1,0,8
BRDA:308,1,1,8
BRDA:309,2,0,4
BRDA:309,2,1,4
BRDA:375,3,0,43
BRDA:375,3,1,0
BRDA:404,4,0,2
BRDA:404,4,1,1
BRDA:424,5,0,4
BRDA:424,5,1,0
BRDA:425,6,0,2
BRDA:425,6,1,2
BRDA:427,7,0,1
BRDA:427,7,1,0
BRDA:439,8,0,1
BRDA:439,8,1,0
BRDA:465,9,0,1
BRDA:465,9,1,0
BRDA:519,10,0,1
BRDA:519,10,1,6
BRF:22
BRH:17
end_of_record
TN:
SF:D:\Project\Future Phase 2 Project\front_end\src\views\AdminUser.vue
FN:282,(anonymous_1)
FN:349,(anonymous_2)
FN:354,(anonymous_3)
FN:357,(anonymous_4)
FN:362,(anonymous_5)
FN:367,(anonymous_6)
FN:372,(anonymous_7)
FN:373,(anonymous_8)
FN:379,(anonymous_9)
FN:385,(anonymous_10)
FN:396,(anonymous_11)
FN:399,(anonymous_12)
FN:407,(anonymous_13)
FN:414,(anonymous_14)
FN:418,(anonymous_15)
FN:421,(anonymous_16)
FN:429,(anonymous_17)
FN:436,(anonymous_18)
FN:440,(anonymous_19)
FN:445,(anonymous_20)
FN:451,(anonymous_21)
FNF:21
FNH:21
FNDA:5,(anonymous_1)
FNDA:6,(anonymous_2)
FNDA:4,(anonymous_3)
FNDA:20,(anonymous_4)
FNDA:20,(anonymous_5)
FNDA:5,(anonymous_6)
FNDA:1,(anonymous_7)
FNDA:2,(anonymous_8)
FNDA:2,(anonymous_9)
FNDA:2,(anonymous_10)
FNDA:2,(anonymous_11)
FNDA:1,(anonymous_12)
FNDA:1,(anonymous_13)
FNDA:2,(anonymous_14)
FNDA:2,(anonymous_15)
FNDA:1,(anonymous_16)
FNDA:1,(anonymous_17)
FNDA:2,(anonymous_18)
FNDA:2,(anonymous_19)
FNDA:2,(anonymous_20)
FNDA:5,(anonymous_21)
DA:276,1
DA:283,5
DA:350,6
DA:355,4
DA:358,20
DA:363,20
DA:368,5
DA:372,2
DA:374,2
DA:375,2
DA:376,2
DA:377,2
DA:380,2
DA:381,2
DA:382,2
DA:383,2
DA:386,2
DA:387,2
DA:388,0
DA:390,2
DA:391,2
DA:392,2
DA:394,2
DA:397,2
DA:398,2
DA:399,2
DA:400,1
DA:406,1
DA:408,1
DA:415,2
DA:419,2
DA:420,2
DA:421,2
DA:422,1
DA:428,1
DA:430,1
DA:437,2
DA:441,2
DA:442,2
DA:443,2
DA:446,2
DA:447,2
DA:448,2
DA:452,5
DA:453,1
LF:45
LH:44
BRDA:358,0,0,20
BRDA:358,0,1,0
BRDA:387,1,0,0
BRDA:387,1,1,2
BRDA:452,2,0,1
BRDA:452,2,1,4
BRF:6
BRH:4
end_of_record
TN:
SF:D:\Project\Future Phase 2 Project\front_end\src\views\Cart.vue
FN:218,(anonymous_1)
FN:233,(anonymous_2)
FN:241,(anonymous_3)
FN:244,(anonymous_4)
FN:247,(anonymous_5)
FN:256,(anonymous_6)
FN:264,(anonymous_7)
FN:269,(anonymous_8)
FN:272,(anonymous_9)
FN:275,(anonymous_10)
FN:286,(anonymous_11)
FN:293,(anonymous_12)
FN:298,(anonymous_13)
FN:315,(anonymous_14)
FN:317,(anonymous_15)
FN:320,(anonymous_16)
FN:328,(anonymous_17)
FN:333,(anonymous_18)
FN:347,(anonymous_19)
FN:352,(anonymous_20)
FN:355,(anonymous_21)
FN:365,(anonymous_22)
FN:372,(anonymous_23)
FN:377,(anonymous_24)
FN:379,(anonymous_25)
FN:385,(anonymous_26)
FN:386,(anonymous_27)
FN:395,(anonymous_28)
FNF:28
FNH:24
FNDA:4,(anonymous_1)
FNDA:20,(anonymous_2)
FNDA:1,(anonymous_3)
FNDA:2,(anonymous_4)
FNDA:1,(anonymous_5)
FNDA:0,(anonymous_6)
FNDA:1,(anonymous_7)
FNDA:1,(anonymous_8)
FNDA:2,(anonymous_9)
FNDA:1,(anonymous_10)
FNDA:0,(anonymous_11)
FNDA:1,(anonymous_12)
FNDA:9,(anonymous_13)
FNDA:1,(anonymous_14)
FNDA:1,(anonymous_15)
FNDA:0,(anonymous_16)
FNDA:1,(anonymous_17)
FNDA:2,(anonymous_18)
FNDA:1,(anonymous_19)
FNDA:1,(anonymous_20)
FNDA:1,(anonymous_21)
FNDA:0,(anonymous_22)
FNDA:1,(anonymous_23)
FNDA:11,(anonymous_24)
FNDA:19,(anonymous_25)
FNDA:5,(anonymous_26)
FNDA:5,(anonymous_27)
FNDA:4,(anonymous_28)
DA:212,1
DA:213,1
DA:219,4
DA:234,20
DA:242,1
DA:243,1
DA:244,1
DA:245,2
DA:247,1
DA:249,1
DA:250,1
DA:258,0
DA:266,1
DA:270,1
DA:271,1
DA:272,1
DA:273,2
DA:275,1
DA:277,1
DA:278,1
DA:284,1
DA:285,1
DA:287,0
DA:295,1
DA:299,9
DA:300,17
DA:301,17
DA:302,17
DA:303,17
DA:305,17
DA:306,15
DA:307,15
DA:309,2
DA:310,2
DA:313,9
DA:316,1
DA:317,1
DA:319,1
DA:322,0
DA:330,1
DA:334,2
DA:335,1
DA:336,1
DA:337,1
DA:339,1
DA:340,1
DA:341,1
DA:342,1
DA:345,2
DA:348,1
DA:349,1
DA:350,1
DA:353,1
DA:354,1
DA:355,1
DA:357,1
DA:358,1
DA:364,1
DA:366,0
DA:374,1
DA:378,11
DA:379,11
DA:380,19
DA:383,11
DA:386,5
DA:389,5
DA:396,4
LF:67
LH:63
BRDA:305,0,0,15
BRDA:305,0,1,2
BRDA:334,1,0,1
BRDA:334,1,1,1
BRDA:341,2,0,1
BRDA:341,2,1,0
BRF:6
BRH:5
end_of_record
TN:
SF:D:\Project\Future Phase 2 Project\front_end\src\views\Category.vue
FN:29,(anonymous_1)
FN:33,(anonymous_2)
FNF:2
FNH:2
FNDA:2,(anonymous_1)
FNDA:1,(anonymous_2)
DA:20,1
DA:30,2
DA:34,1
LF:3
LH:3
BRF:0
BRH:0
end_of_record
TN:
SF:D:\Project\Future Phase 2 Project\front_end\src\views\Home.vue
FN:55,(anonymous_1)
FN:65,(anonymous_2)
FN:68,(anonymous_3)
FN:71,(anonymous_4)
FN:74,(anonymous_5)
FN:78,(anonymous_6)
FNF:6
FNH:6
FNDA:1,(anonymous_1)
FNDA:2,(anonymous_2)
FNDA:2,(anonymous_3)
FNDA:2,(anonymous_4)
FNDA:2,(anonymous_5)
FNDA:1,(anonymous_6)
DA:43,1
DA:44,1
DA:45,1
DA:46,1
DA:56,1
DA:66,2
DA:69,2
DA:72,2
DA:75,2
DA:79,1
DA:80,1
DA:81,1
DA:82,1
LF:13
LH:13
BRF:0
BRH:0
end_of_record
TN:
SF:D:\Project\Future Phase 2 Project\front_end\src\views\Login.vue
FN:53,(anonymous_1)
FN:60,(anonymous_2)
FN:61,(anonymous_3)
FN:69,(anonymous_4)
FN:73,(anonymous_5)
FN:76,(anonymous_6)
FN:83,(anonymous_7)
FN:89,(anonymous_8)
FN:94,(anonymous_9)
FNF:9
FNH:9
FNDA:4,(anonymous_1)
FNDA:10,(anonymous_2)
FNDA:10,(anonymous_3)
FNDA:4,(anonymous_4)
FNDA:4,(anonymous_5)
FNDA:2,(anonymous_6)
FNDA:2,(anonymous_7)
FNDA:3,(anonymous_8)
FNDA:3,(anonymous_9)
DA:47,1
DA:54,4
DA:60,10
DA:61,10
DA:74,5
DA:75,3
DA:76,3
DA:78,2
DA:79,1
DA:81,1
DA:85,2
DA:87,1
DA:91,3
DA:95,3
LF:14
LH:14
BRDA:60,0,0,10
BRDA:60,0,1,4
BRDA:61,1,0,10
BRDA:61,1,1,4
BRDA:74,2,0,1
BRDA:74,2,1,3
BRDA:78,3,0,1
BRDA:78,3,1,1
BRDA:85,4,0,1
BRDA:85,4,1,1
BRF:10
BRH:10
end_of_record
TN:
SF:D:\Project\Future Phase 2 Project\front_end\src\views\OrderList.vue
FN:140,(anonymous_1)
FN:152,(anonymous_2)
FN:168,(anonymous_4)
FN:174,(anonymous_5)
FN:177,(anonymous_6)
FN:186,(anonymous_7)
FN:214,(anonymous_8)
FN:221,(anonymous_9)
FN:225,(anonymous_10)
FNF:9
FNH:9
FNDA:2,(anonymous_1)
FNDA:12,(anonymous_2)
FNDA:2,(anonymous_4)
FNDA:1,(anonymous_5)
FNDA:1,(anonymous_6)
FNDA:1,(anonymous_7)
FNDA:2,(anonymous_8)
FNDA:8,(anonymous_9)
FNDA:2,(anonymous_10)
DA:133,1
DA:134,1
DA:141,2
DA:152,12
DA:169,2
DA:175,1
DA:176,1
DA:177,1
DA:179,1
DA:180,1
DA:188,1
DA:215,2
DA:216,2
DA:217,2
DA:222,8
DA:226,2
LF:16
LH:16
BRDA:152,0,0,6
BRDA:152,0,1,2
BRDA:152,1,0,6
BRDA:152,1,1,4
BRDA:152,1,2,2
BRDA:175,2,0,1
BRDA:175,2,1,0
BRF:7
BRH:6
end_of_record
TN:
SF:D:\Project\Future Phase 2 Project\front_end\src\views\Payment.vue
FN:71,(anonymous_1)
FN:77,(anonymous_2)
FN:80,(anonymous_3)
FN:87,(anonymous_4)
FN:88,(anonymous_5)
FN:95,(anonymous_6)
FN:96,(anonymous_7)
FNF:7
FNH:7
FNDA:2,(anonymous_1)
FNDA:5,(anonymous_2)
FNDA:5,(anonymous_3)
FNDA:1,(anonymous_4)
FNDA:1,(anonymous_5)
FNDA:2,(anonymous_6)
FNDA:2,(anonymous_7)
DA:65,1
DA:66,1
DA:72,2
DA:78,5
DA:81,5
DA:88,1
DA:89,1
DA:90,1
DA:96,2
DA:97,2
DA:98,1
LF:11
LH:11
BRDA:89,0,0,1
BRDA:89,0,1,0
BRDA:97,1,0,1
BRDA:97,1,1,1
BRF:4
BRH:3
end_of_record
TN:
SF:D:\Project\Future Phase 2 Project\front_end\src\views\Product.vue
FN:265,(anonymous_1)
FN:273,(anonymous_2)
FN:284,(anonymous_4)
FN:296,(anonymous_5)
FN:303,(anonymous_6)
FN:311,(anonymous_7)
FN:319,(anonymous_8)
FN:325,(anonymous_9)
FN:334,(anonymous_10)
FN:343,(anonymous_11)
FN:346,(anonymous_12)
FN:349,(anonymous_13)
FN:361,(anonymous_14)
FN:369,(anonymous_15)
FN:376,(anonymous_16)
FN:377,(anonymous_17)
FN:386,(anonymous_18)
FN:392,(anonymous_19)
FNF:18
FNH:17
FNDA:11,(anonymous_1)
FNDA:20,(anonymous_2)
FNDA:0,(anonymous_4)
FNDA:3,(anonymous_5)
FNDA:1,(anonymous_6)
FNDA:1,(anonymous_7)
FNDA:2,(anonymous_8)
FNDA:5,(anonymous_9)
FNDA:3,(anonymous_10)
FNDA:5,(anonymous_11)
FNDA:5,(anonymous_12)
FNDA:2,(anonymous_13)
FNDA:1,(anonymous_14)
FNDA:3,(anonymous_15)
FNDA:11,(anonymous_16)
FNDA:11,(anonymous_17)
FNDA:77,(anonymous_18)
FNDA:77,(anonymous_19)
DA:260,1
DA:261,1
DA:266,11
DA:273,20
DA:285,0
DA:297,3
DA:298,3
DA:299,1
DA:300,1
DA:302,2
DA:303,2
DA:305,1
DA:313,1
DA:321,2
DA:326,5
DA:327,2
DA:328,2
DA:330,3
DA:331,3
DA:332,3
DA:335,3
DA:336,1
DA:337,1
DA:339,2
DA:340,2
DA:341,2
DA:344,5
DA:347,5
DA:348,3
DA:349,3
DA:351,2
DA:352,2
DA:358,2
DA:359,1
DA:363,1
DA:371,3
DA:377,11
DA:378,11
DA:379,0
DA:382,11
DA:387,77
DA:393,77
LF:42
LH:40
BRDA:273,0,0,10
BRDA:273,0,1,0
BRDA:273,1,0,10
BRDA:273,1,1,10
BRDA:273,1,2,6
BRDA:273,1,3,4
BRDA:297,2,0,3
BRDA:297,2,1,0
BRDA:298,3,0,1
BRDA:298,3,1,2
BRDA:326,4,0,2
BRDA:326,4,1,3
BRDA:335,5,0,1
BRDA:335,5,1,2
BRDA:347,6,0,3
BRDA:347,6,1,2
BRDA:358,7,0,1
BRDA:358,7,1,1
BRDA:378,8,0,0
BRDA:378,8,1,11
BRF:20
BRH:17
end_of_record
TN:
SF:D:\Project\Future Phase 2 Project\front_end\src\views\Profile.vue
FN:235,(anonymous_1)
FN:245,(anonymous_2)
FN:246,(anonymous_3)
FN:247,(anonymous_4)
FN:248,(anonymous_5)
FN:249,(anonymous_6)
FN:268,(anonymous_7)
FN:271,(anonymous_8)
FN:272,(anonymous_9)
FN:277,(anonymous_10)
FN:279,(anonymous_11)
FN:281,(anonymous_12)
FN:293,(anonymous_13)
FN:295,(anonymous_14)
FN:308,(anonymous_15)
FN:324,(anonymous_16)
FN:334,(anonymous_17)
FN:339,(anonymous_18)
FN:343,(anonymous_19)
FNF:19
FNH:17
FNDA:5,(anonymous_1)
FNDA:4,(anonymous_2)
FNDA:4,(anonymous_3)
FNDA:4,(anonymous_4)
FNDA:4,(anonymous_5)
FNDA:4,(anonymous_6)
FNDA:0,(anonymous_7)
FNDA:1,(anonymous_8)
FNDA:1,(anonymous_9)
FNDA:4,(anonymous_10)
FNDA:3,(anonymous_11)
FNDA:1,(anonymous_12)
FNDA:1,(anonymous_13)
FNDA:2,(anonymous_14)
FNDA:1,(anonymous_15)
FNDA:4,(anonymous_16)
FNDA:5,(anonymous_17)
FNDA:0,(anonymous_18)
FNDA:5,(anonymous_19)
DA:232,1
DA:236,5
DA:245,4
DA:246,4
DA:247,4
DA:248,4
DA:251,4
DA:252,2
DA:254,2
DA:269,0
DA:272,1
DA:273,1
DA:274,1
DA:278,4
DA:279,4
DA:280,3
DA:281,2
DA:283,1
DA:284,1
DA:290,1
DA:291,1
DA:294,1
DA:296,2
DA:299,1
DA:300,1
DA:301,1
DA:309,1
DA:310,1
DA:311,1
DA:312,1
DA:314,1
DA:325,4
DA:326,2
DA:328,2
DA:329,0
DA:332,2
DA:335,5
DA:340,0
DA:344,5
LF:39
LH:36
BRDA:245,0,0,4
BRDA:245,0,1,4
BRDA:246,1,0,4
BRDA:246,1,1,4
BRDA:247,2,0,4
BRDA:247,2,1,4
BRDA:248,3,0,4
BRDA:248,3,1,0
BRDA:248,3,2,4
BRDA:251,4,0,2
BRDA:251,4,1,2
BRDA:251,5,0,4
BRDA:251,5,1,4
BRDA:280,6,0,2
BRDA:280,6,1,1
BRDA:283,7,0,1
BRDA:283,7,1,0
BRDA:311,8,0,1
BRDA:311,8,1,0
BRDA:325,9,0,2
BRDA:325,9,1,2
BRDA:328,10,0,0
BRDA:328,10,1,2
BRF:23
BRH:19
end_of_record
TN:
SF:D:\Project\Future Phase 2 Project\front_end\src\views\Register.vue
FN:74,(anonymous_1)
FN:87,(anonymous_2)
FN:91,(anonymous_4)
FN:95,(anonymous_6)
FN:102,(anonymous_8)
FN:106,(anonymous_9)
FN:109,(anonymous_10)
FN:113,(anonymous_11)
FN:119,(anonymous_12)
FN:124,(anonymous_13)
FNF:10
FNH:9
FNDA:2,(anonymous_1)
FNDA:10,(anonymous_2)
FNDA:10,(anonymous_4)
FNDA:20,(anonymous_6)
FNDA:2,(anonymous_8)
FNDA:2,(anonymous_9)
FNDA:1,(anonymous_10)
FNDA:0,(anonymous_11)
FNDA:1,(anonymous_12)
FNDA:1,(anonymous_13)
DA:68,1
DA:75,2
DA:87,10
DA:91,10
DA:95,20
DA:107,3
DA:108,1
DA:109,1
DA:111,1
DA:112,1
DA:115,0
DA:116,0
DA:117,0
DA:121,1
DA:125,1
LF:15
LH:12
BRDA:87,0,0,10
BRDA:87,0,1,4
BRDA:91,1,0,10
BRDA:91,1,1,5
BRDA:95,2,0,20
BRDA:95,2,1,8
BRDA:107,3,0,1
BRDA:107,3,1,1
BRDA:115,4,0,0
BRDA:115,4,1,0
BRF:10
BRH:8
end_of_record
TN:
SF:D:\Project\Future Phase 2 Project\front_end\src\views\Search.vue
FN:46,(anonymous_1)
FN:49,(anonymous_2)
FN:54,(anonymous_3)
FN:62,(anonymous_4)
FNF:4
FNH:3
FNDA:2,(anonymous_1)
FNDA:2,(anonymous_2)
FNDA:0,(anonymous_3)
FNDA:1,(anonymous_4)
DA:40,1
DA:41,1
DA:47,2
DA:50,2
DA:55,0
DA:63,1
DA:64,1
LF:7
LH:6
BRF:0
BRH:0
end_of_record
TN:
SF:D:\Project\Future Phase 2 Project\front_end\src\views\SearchCategory.vue
FN:46,(anonymous_1)
FN:49,(anonymous_2)
FN:54,(anonymous_3)
FN:62,(anonymous_4)
FNF:4
FNH:3
FNDA:2,(anonymous_1)
FNDA:2,(anonymous_2)
FNDA:0,(anonymous_3)
FNDA:1,(anonymous_4)
DA:40,1
DA:41,1
DA:47,2
DA:50,2
DA:55,0
DA:63,1
DA:64,1
LF:7
LH:6
BRF:0
BRH:0
end_of_record
TN:
SF:D:\Project\Future Phase 2 Project\front_end\src\views\SearchQRCode.vue
FN:98,(anonymous_1)
FN:110,(anonymous_2)
FN:115,(anonymous_3)
FN:118,(anonymous_4)
FN:122,(anonymous_5)
FNF:5
FNH:5
FNDA:1,(anonymous_1)
FNDA:2,(anonymous_2)
FNDA:1,(anonymous_3)
FNDA:1,(anonymous_4)
FNDA:1,(anonymous_5)
DA:94,1
DA:95,1
DA:99,1
DA:111,2
DA:116,1
DA:117,1
DA:118,1
DA:119,1
DA:120,1
DA:124,1
LF:10
LH:10
BRDA:119,0,0,1
BRDA:119,0,1,0
BRF:2
BRH:1
end_of_record
TN:
SF:D:\Project\Future Phase 2 Project\front_end\src\views\Wishlist.vue
FN:153,(anonymous_1)
FN:164,(anonymous_2)
FN:180,(anonymous_4)
FN:182,(anonymous_5)
FN:191,(anonymous_6)
FN:199,(anonymous_7)
FN:204,(anonymous_8)
FN:206,(anonymous_9)
FN:207,(anonymous_10)
FN:218,(anonymous_11)
FN:226,(anonymous_12)
FN:248,(anonymous_13)
FN:250,(anonymous_14)
FN:259,(anonymous_15)
FN:267,(anonymous_16)
FN:272,(anonymous_17)
FN:277,(anonymous_18)
FN:282,(anonymous_19)
FN:285,(anonymous_20)
FN:290,(anonymous_21)
FN:294,(anonymous_22)
FNF:21
FNH:18
FNDA:4,(anonymous_1)
FNDA:12,(anonymous_2)
FNDA:1,(anonymous_4)
FNDA:1,(anonymous_5)
FNDA:0,(anonymous_6)
FNDA:1,(anonymous_7)
FNDA:1,(anonymous_8)
FNDA:2,(anonymous_9)
FNDA:2,(anonymous_10)
FNDA:0,(anonymous_11)
FNDA:2,(anonymous_12)
FNDA:2,(anonymous_13)
FNDA:2,(anonymous_14)
FNDA:0,(anonymous_15)
FNDA:2,(anonymous_16)
FNDA:1,(anonymous_17)
FNDA:2,(anonymous_18)
FNDA:1,(anonymous_19)
FNDA:2,(anonymous_20)
FNDA:29,(anonymous_21)
FNDA:4,(anonymous_22)
DA:147,1
DA:148,1
DA:154,4
DA:164,12
DA:181,1
DA:182,1
DA:184,1
DA:185,1
DA:193,0
DA:201,1
DA:205,1
DA:206,1
DA:207,2
DA:209,2
DA:210,1
DA:211,1
DA:220,0
DA:228,2
DA:229,1
DA:249,2
DA:250,2
DA:252,2
DA:253,2
DA:261,0
DA:269,2
DA:273,1
DA:274,1
DA:275,1
DA:278,2
DA:279,2
DA:280,2
DA:283,1
DA:286,2
DA:291,29
DA:295,4
LF:35
LH:32
BRDA:164,0,0,6
BRDA:164,0,1,2
BRDA:164,1,0,6
BRDA:164,1,1,4
BRDA:164,1,2,2
BRDA:209,2,0,1
BRDA:209,2,1,1
BRDA:228,3,0,1
BRDA:228,3,1,1
BRF:9
BRH:9
end_of_record
